#auto generated file!
12.0;79;63;67;53;70;54;69;65;52;62;67;69;70;60
18.0;79;63;67;53;70;54;69;65;52;62;67;69;70;60
24.0;79;63;67;53;70;54;69;65;52;62;67;69;70;60
30.0;79;63;67;53;70;54;69;65;52;62;67;69;70;60
36.0;79;63;67;53;70;54;69;65;52;62;67;69;70;60
42.0;79;63;67;53;70;54;69;65;52;62;67;69;70;60
48.0;79;63;67;53;70;54;69;65;52;62;67;69;70;60
54.0;79;63;67;53;70;54;69;65;52;62;67;69;70;60
60.0;79;63;67;53;70;54;69;65;52;62;67;69;70;60
66.0;79;63;67;53;70;54;69;65;52;62;67;69;70;60
72.0;79;63;67;53;70;54;69;65;52;62;67;69;70;60
78.0;79;63;67;53;70;54;69;65;52;62;67;69;70;60
84.0;79;63;67;53;70;54;69;65;52;62;67;69;70;60
90.0;79;63;67;53;70;54;69;65;52;62;67;69;70;60
96.0;79;63;67;53;70;54;69;65;52;62;67;69;70;60
102.0;79;63;67;53;70;54;69;65;52;62;67;69;70;60
108.0;79;63;67;53;70;54;69;65;52;62;67;69;70;60
114.0;79;63;67;53;70;54;69;65;52;62;67;69;70;60
120.0;79;63;67;53;70;54;69;65;52;62;67;69;70;60
126.0;79;63;67;53;70;54;69;65;52;62;67;69;70;60
132.0;79;63;67;53;70;54;69;65;52;62;67;69;70;60
138.0;79;63;67;53;70;54;69;65;52;62;67;69;70;60
144.0;79;63;67;53;70;54;69;65;52;62;67;69;70;60
150.0;79;63;67;53;70;54;69;65;52;62;67;69;70;60
156.0;79;63;67;53;70;54;69;65;52;62;67;69;70;60
162.0;79;63;67;53;70;54;69;65;52;62;67;69;70;60
168.0;79;63;67;53;70;54;69;65;52;62;67;69;70;60
174.0;79;63;67;53;70;54;69;65;52;62;67;69;70;60
180.0;79;63;67;53;70;54;69;65;52;62;67;69;70;60
186.0;79;63;67;53;70;54;69;65;52;62;67;69;70;60
192.0;79;63;67;53;70;54;69;65;52;62;67;69;70;60
198.0;79;63;67;53;70;54;69;65;52;62;67;69;70;60
204.0;79;63;67;53;70;54;69;65;52;62;67;69;70;60
210.0;79;63;67;53;70;54;69;65;52;62;67;69;70;60
216.0;79;63;67;53;70;54;69;65;52;62;67;69;70;60
222.0;79;63;67;53;70;54;69;65;52;62;67;69;70;60
228.0;79;63;67;53;70;54;69;65;52;62;67;69;70;60
234.0;79;63;67;53;70;54;69;65;52;62;67;69;70;60
240.0;79;63;67;53;70;54;69;65;52;62;67;69;70;60
246.0;79;63;67;53;70;54;69;65;52;62;67;69;70;60
252.0;79;63;67;53;70;54;69;65;52;62;67;69;70;60
258.0;79;63;67;53;70;54;69;65;52;62;67;69;70;60
264.0;79;63;67;53;70;54;69;65;52;62;67;69;70;60
270.0;79;63;67;53;70;54;69;65;52;62;67;69;70;60
276.0;79;63;67;53;70;54;69;65;52;62;67;69;70;60
282.0;79;63;67;53;70;54;69;65;52;62;67;69;70;60
288.0;79;63;67;53;70;54;69;65;52;62;67;69;70;60
294.0;79;63;67;53;70;54;69;65;52;62;67;69;70;60
300.0;79;63;67;53;70;54;69;65;52;62;67;69;70;60
306.0;79;63;67;53;70;54;69;65;52;62;67;69;70;60
312.0;79;63;67;53;70;54;69;65;52;62;67;69;70;60
318.0;79;63;67;53;70;54;69;65;52;62;67;69;70;60
324.0;79;63;67;53;70;54;69;65;52;62;67;69;70;60
330.0;79;63;67;53;70;54;69;65;52;62;67;69;70;60
336.0;79;63;67;53;70;54;69;65;52;62;67;69;70;60
342.0;79;63;67;53;70;54;69;65;52;62;67;69;70;60
348.0;79;63;67;53;70;54;69;65;52;62;67;69;70;60
354.0;79;63;67;53;70;54;69;65;52;62;67;69;70;60
360.0;79;63;67;53;70;54;69;65;52;62;67;69;70;60
366.0;79;63;67;53;70;54;69;65;52;62;67;69;70;60
372.0;79;63;67;53;70;54;69;65;52;62;67;69;70;60
378.0;79;63;67;53;70;54;69;65;52;62;67;69;70;60
384.0;79;63;67;53;70;54;69;65;52;62;67;69;70;60
390.0;79;63;67;53;70;54;69;65;52;62;67;69;70;60
396.0;79;63;67;53;70;54;69;65;52;62;67;69;70;60
402.0;79;63;67;53;70;54;69;65;52;62;67;69;70;60
408.0;79;63;67;53;70;54;69;65;52;62;67;69;70;60
414.0;79;63;67;53;70;54;69;65;52;62;67;69;70;60
420.0;79;63;67;53;70;54;69;65;52;62;67;69;70;60
426.0;79;63;67;53;70;54;69;65;52;62;67;69;70;60
432.0;79;63;67;53;70;54;69;65;52;62;67;69;70;60
438.0;79;63;67;53;70;54;69;65;52;62;67;69;70;60
444.0;79;63;67;53;70;54;69;65;52;62;67;69;70;60
450.0;79;63;67;53;70;54;69;65;52;62;67;69;70;60
456.0;79;63;67;53;70;54;69;65;52;62;67;69;70;60
462.0;79;63;67;53;70;54;69;65;52;62;67;69;70;60
468.0;79;63;67;53;70;54;69;65;52;62;67;69;70;60
474.0;79;63;67;53;70;54;69;65;52;62;67;69;70;60
480.0;79;63;67;53;70;54;69;65;52;62;67;69;70;60
486.0;79;63;67;53;70;54;69;65;52;62;67;69;70;60
492.0;79;63;67;53;70;54;69;65;52;62;67;69;70;60
498.0;79;63;67;53;70;54;69;65;52;62;67;69;70;60
504.0;79;63;67;53;70;54;69;65;52;62;67;69;70;60
510.0;79;63;67;53;70;54;69;65;52;62;67;69;70;60
516.0;79;63;67;53;70;54;69;65;52;62;67;69;70;60
522.0;79;63;67;53;70;54;69;65;52;62;67;69;70;60
528.0;79;63;67;53;70;54;69;65;52;62;67;69;70;60
534.0;79;63;67;53;70;54;69;65;52;62;67;69;70;60
540.0;79;63;67;53;70;54;69;65;52;62;67;69;70;60
546.0;79;63;67;53;70;54;69;65;52;62;67;69;70;60
552.0;79;63;67;53;70;54;69;65;52;62;67;69;70;60
558.0;79;63;67;53;70;54;69;65;52;62;67;69;70;60
564.0;79;63;67;53;70;54;69;65;52;62;67;69;70;60
570.0;79;63;67;53;70;54;69;65;52;62;67;69;70;60
576.0;79;63;67;53;70;54;69;65;52;62;67;69;70;60
582.0;79;63;67;53;70;54;69;65;52;62;67;69;70;60
588.0;79;63;67;53;70;54;69;65;52;62;67;69;70;60
594.0;79;63;67;53;70;54;69;65;52;62;67;69;70;60
600.0;79;63;67;53;70;54;69;65;52;62;67;69;70;60
606.0;79;63;67;53;70;54;69;65;52;62;67;69;70;60
612.0;79;63;67;53;70;54;69;65;52;62;67;69;70;60
618.0;79;63;67;53;70;54;69;65;52;62;67;69;70;60
624.0;79;63;67;53;70;54;69;65;52;62;67;69;70;60
630.0;79;63;67;53;70;54;69;65;52;62;67;69;70;60
636.0;79;63;67;53;70;54;69;65;52;62;67;69;70;60
642.0;79;63;67;53;70;54;69;65;52;62;67;69;70;60
648.0;79;63;67;53;70;54;69;65;52;62;67;69;70;60
654.0;79;63;67;53;70;54;69;65;52;62;67;69;70;60
660.0;79;63;67;53;70;54;69;65;52;62;67;69;70;60
666.0;79;63;67;53;70;54;69;65;52;62;67;69;70;60
672.0;79;63;67;53;70;54;69;65;52;62;67;69;70;60
678.0;79;63;67;53;70;54;69;65;52;62;67;69;70;60
684.0;79;63;67;53;70;54;69;65;52;62;67;69;70;60
690.0;79;63;67;53;70;54;69;65;52;62;67;69;70;60
696.0;79;63;67;53;70;54;69;65;52;62;67;69;70;60
702.0;79;63;67;53;70;54;69;65;52;62;67;69;70;60
708.0;79;63;67;53;70;54;69;65;52;62;67;69;70;60
714.0;79;63;67;53;70;54;69;65;52;62;67;69;70;60
720.0;79;63;67;53;70;54;69;65;52;62;67;69;70;60
726.0;79;63;67;53;70;54;69;65;52;62;67;69;70;60
732.0;79;63;67;53;70;54;69;65;52;62;67;69;70;60
738.0;79;63;67;53;70;54;69;65;52;62;67;69;70;60
744.0;79;63;67;53;70;54;69;65;52;62;67;69;70;60
750.0;79;63;67;53;70;54;69;65;52;62;67;69;70;60
756.0;79;63;67;53;70;54;69;65;52;62;67;69;70;60
762.0;79;63;67;53;70;54;69;65;52;62;67;69;70;60
768.0;79;63;67;53;70;54;69;65;52;62;67;69;70;60
774.0;79;63;67;53;70;54;69;65;52;62;67;69;70;60
780.0;79;63;67;53;70;54;69;65;52;62;67;69;70;60
786.0;79;63;67;53;70;54;69;65;52;62;67;69;70;60
792.0;79;63;67;53;70;54;69;65;52;62;67;69;70;60
798.0;79;63;67;53;70;54;69;65;52;62;67;69;70;60
804.0;79;63;67;53;70;54;69;65;52;62;67;69;70;60
810.0;79;63;67;53;70;54;69;65;52;62;67;69;70;60
816.0;79;63;67;53;70;54;69;65;52;62;67;69;70;60
822.0;79;63;67;53;70;54;69;65;52;62;67;69;70;60
828.0;79;63;67;53;70;54;69;65;52;62;67;69;70;60
834.0;79;63;67;53;70;54;69;65;52;62;67;69;70;60
840.0;79;63;67;53;70;54;69;65;52;62;67;69;70;60
846.0;79;63;67;53;70;54;69;65;52;62;67;69;70;60
852.0;79;63;67;53;70;54;69;65;52;62;67;69;70;60
858.0;79;63;67;53;70;54;69;65;52;62;67;69;70;60
864.0;79;63;67;53;70;54;69;65;52;62;67;69;70;60
870.0;79;63;67;53;70;54;69;65;52;62;67;69;70;60
876.0;79;63;67;53;70;54;69;65;52;62;67;69;70;60
882.0;79;63;67;53;70;54;69;65;52;62;67;69;70;60
888.0;79;63;67;53;70;54;69;65;52;62;67;69;70;60
894.0;79;63;67;53;70;54;69;65;52;62;67;69;70;60
900.0;79;63;67;53;70;54;69;65;52;62;67;69;70;60
906.0;79;63;67;53;70;54;69;65;52;62;67;69;70;60
912.0;79;63;67;53;70;54;69;65;52;62;67;69;70;60
918.0;79;63;67;53;70;54;69;65;52;62;67;69;70;60
924.0;79;63;67;53;70;54;69;65;52;62;67;69;70;60
930.0;79;63;67;53;70;54;69;65;52;62;67;69;70;60
936.0;79;63;67;53;70;54;69;65;52;62;67;69;70;60
942.0;79;63;67;53;70;54;69;65;52;62;67;69;70;60
948.0;79;63;67;53;70;54;69;65;52;62;67;69;70;60
954.0;79;63;67;53;70;54;69;65;52;62;67;69;70;60
960.0;79;63;67;53;70;54;69;65;52;62;67;69;70;60
966.0;79;63;67;53;70;54;69;65;52;62;67;69;70;60
972.0;79;63;67;53;70;54;69;65;52;62;67;69;70;60
978.0;79;63;67;53;70;54;69;65;52;62;67;69;70;60
984.0;79;63;67;53;70;54;69;65;52;62;67;69;70;60
990.0;79;63;67;53;70;54;69;65;52;62;67;69;70;60
996.0;79;63;67;53;70;54;69;65;52;62;67;69;70;60
1002.0;79;63;67;53;70;54;69;65;52;62;67;69;70;60
1008.0;79;63;67;53;70;54;69;65;52;62;67;69;70;60
1014.0;79;63;67;53;70;54;69;65;52;62;67;69;70;60
1020.0;79;63;67;53;70;54;69;65;52;62;67;69;70;60
1026.0;79;63;67;53;70;54;69;65;52;62;67;69;70;60
1032.0;79;63;67;53;70;54;69;65;52;62;67;69;70;60
1038.0;79;63;67;53;70;54;69;65;52;62;67;69;70;60
1044.0;79;63;67;53;70;54;69;65;52;62;67;69;70;60
1050.0;79;63;67;53;70;54;69;65;52;62;67;69;70;60
1056.0;79;63;67;53;70;54;69;65;52;62;67;69;70;60
1062.0;79;63;67;53;70;54;69;65;52;62;67;69;70;60
1068.0;79;63;67;53;70;54;69;65;52;62;67;69;70;60
1074.0;79;63;67;53;70;54;69;65;52;62;67;69;70;60
1080.0;79;63;67;53;70;54;69;65;52;62;67;69;70;60
1086.0;79;63;67;53;70;54;69;65;52;62;67;69;70;60
1092.0;79;63;67;53;70;54;69;65;52;62;67;69;70;60
1098.0;79;63;67;53;70;54;69;65;52;62;67;69;70;60
1104.0;79;63;67;53;70;54;69;65;52;62;67;69;70;60
1110.0;79;63;67;53;70;54;69;65;52;62;67;69;70;60
1116.0;79;63;67;53;70;54;69;65;52;62;67;69;70;60
1122.0;79;63;67;53;70;54;69;65;52;62;67;69;70;60
1128.0;79;63;67;53;70;54;69;65;52;62;67;69;70;60
1134.0;79;63;67;53;70;54;69;65;52;62;67;69;70;60
1140.0;79;63;67;53;70;54;69;65;52;62;67;69;70;60
1146.0;79;63;67;53;70;54;69;65;52;62;67;69;70;60
1152.0;79;63;67;53;70;54;69;65;52;62;67;69;70;60
1158.0;79;63;67;53;70;54;69;65;52;62;67;69;70;60
1164.0;79;63;67;53;70;54;69;65;52;62;67;69;70;60
1170.0;79;63;67;53;70;54;69;65;52;62;67;69;70;60
1176.0;79;63;67;53;70;54;69;65;52;62;67;69;70;60
1182.0;79;63;67;53;70;54;69;65;52;62;67;69;70;60
1188.0;79;63;67;53;70;54;69;65;52;62;67;69;70;60
1194.0;79;63;67;53;70;54;69;65;52;62;67;69;70;60
1200.0;79;63;67;53;70;54;69;65;52;62;67;69;70;60
1206.0;79;63;67;53;70;54;69;65;52;62;67;69;70;60
1212.0;79;63;67;53;70;54;69;65;52;62;67;69;70;60
1218.0;79;63;67;53;70;54;69;65;52;62;67;69;70;60
1224.0;79;63;67;53;70;54;69;65;52;62;67;69;70;60
1230.0;79;63;67;53;70;54;69;65;52;62;67;69;70;60
1236.0;79;63;67;53;70;54;69;65;52;62;67;69;70;60
1242.0;79;63;67;53;70;54;69;65;52;62;67;69;70;60
1248.0;79;63;67;53;70;54;69;65;52;62;67;69;70;60
1254.0;79;63;67;53;70;54;69;65;52;62;67;69;70;60
1260.0;79;63;67;53;70;54;69;65;52;62;67;69;70;60
1266.0;79;63;67;53;70;54;69;65;52;62;67;69;70;60
1272.0;79;63;67;53;70;54;69;65;52;62;67;69;70;60
1278.0;79;63;67;53;70;54;69;65;52;62;67;69;70;60
1284.0;79;63;67;53;70;54;69;65;52;62;67;69;70;60
1290.0;79;63;67;53;70;54;69;65;52;62;67;69;70;60
1296.0;79;63;67;53;70;54;69;65;52;62;67;69;70;60
1302.0;79;63;67;53;70;54;69;65;52;62;67;69;70;60
1308.0;79;63;67;53;70;54;69;65;52;62;67;69;70;60
1314.0;79;63;67;53;70;54;69;65;52;62;67;69;70;60
1320.0;79;63;67;53;70;54;69;65;52;62;67;69;70;60
1326.0;79;63;67;53;70;54;69;65;52;62;67;69;70;60
1332.0;79;63;67;53;70;54;69;65;52;62;67;69;70;60
1338.0;79;63;67;53;70;54;69;65;52;62;67;69;70;60
1344.0;79;63;67;53;70;54;69;65;52;62;67;69;70;60
1350.0;79;63;67;53;70;54;69;65;52;62;67;69;70;60
1356.0;79;63;67;53;70;54;69;65;52;62;67;69;70;60
1362.0;79;63;67;53;70;54;69;65;52;62;67;69;70;60
1368.0;79;63;67;53;70;54;69;65;52;62;67;69;70;60
1374.0;79;63;67;53;70;54;69;65;52;62;67;69;70;60
1380.0;79;63;67;53;70;54;69;65;52;62;67;69;70;60
1386.0;79;63;67;53;70;54;69;65;52;62;67;69;70;60
1392.0;79;63;67;53;70;54;69;65;52;62;67;69;70;60
1398.0;79;63;67;53;70;54;69;65;52;62;67;69;70;60
1404.0;79;63;67;53;70;54;69;65;52;62;67;69;70;60
1410.0;79;63;67;53;70;54;69;65;52;62;67;69;70;60
1416.0;79;63;67;53;70;54;69;65;52;62;67;69;70;60
1422.0;79;63;67;53;70;54;69;65;52;62;67;69;70;60
1428.0;79;63;67;53;70;54;69;65;52;62;67;69;70;60
1434.0;79;63;67;53;70;54;69;65;52;62;67;69;70;60
1440.0;79;63;67;53;70;54;69;65;52;62;67;69;70;60
1446.0;79;63;67;53;70;54;69;65;52;62;67;69;70;60
1452.0;79;63;67;53;70;54;69;65;52;62;67;69;70;60
1458.0;79;63;67;53;70;54;69;65;52;62;67;69;70;60
1464.0;79;63;67;53;70;54;69;65;52;62;67;69;70;60
1470.0;79;63;67;53;70;54;69;65;52;62;67;69;70;60
1476.0;79;63;67;53;70;54;69;65;52;62;67;69;70;60
1482.0;79;63;67;53;70;54;69;65;52;62;67;69;70;60
1488.0;79;63;67;53;70;54;69;65;52;62;67;69;70;60
1494.0;79;63;67;53;70;54;69;65;52;62;67;69;70;60
1500.0;79;63;67;53;70;54;69;65;52;62;67;69;70;60
1506.0;79;63;67;53;70;54;69;65;52;62;67;69;70;60
1512.0;79;63;67;53;70;54;69;65;52;62;67;69;70;60
1518.0;79;63;67;53;70;54;69;65;52;62;67;69;70;60
1524.0;79;63;67;53;70;54;69;65;52;62;67;69;70;60
1530.0;79;63;67;53;70;54;69;65;52;62;67;69;70;60
1536.0;79;63;67;53;70;54;69;65;52;62;67;69;70;60
1542.0;79;63;67;53;70;54;69;65;52;62;67;69;70;60
1548.0;79;63;67;53;70;54;69;65;52;62;67;69;70;60
1554.0;79;63;67;53;70;54;69;65;52;62;67;69;70;60
1560.0;79;63;67;53;70;54;69;65;52;62;67;69;70;60
1566.0;79;63;67;53;70;54;69;65;52;62;67;69;70;60
1572.0;79;63;67;53;70;54;69;65;52;62;67;69;70;60
1578.0;79;63;67;53;70;54;69;65;52;62;67;69;70;60
1584.0;79;63;67;53;70;54;69;65;52;62;67;69;70;60
1590.0;79;63;67;53;70;54;69;65;52;62;67;69;70;60
1596.0;79;63;67;53;70;54;69;65;52;62;67;69;70;60
1602.0;79;63;67;53;70;54;69;65;52;62;67;69;70;60
1608.0;79;63;67;53;70;54;69;65;52;62;67;69;70;60
1614.0;79;63;67;53;70;54;69;65;52;62;67;69;70;60
1620.0;79;63;67;53;70;54;69;65;52;62;67;69;70;60
1626.0;79;63;67;53;70;54;69;65;52;62;67;69;70;60
1632.0;79;63;67;53;70;54;69;65;52;62;67;69;70;60
1638.0;79;63;67;53;70;54;69;65;52;62;67;69;70;60
1644.0;79;63;67;53;70;54;69;65;52;62;67;69;70;60
1650.0;79;63;67;53;70;54;69;65;52;62;67;69;70;60
1656.0;79;63;67;53;70;54;69;65;52;62;67;69;70;60
1662.0;79;63;67;53;70;54;69;65;52;62;67;69;70;60
1668.0;79;63;67;53;70;54;69;65;52;62;67;69;70;60
1674.0;79;63;67;53;70;54;69;65;52;62;67;69;70;60
1680.0;79;63;67;53;70;54;69;65;52;62;67;69;70;60
1686.0;79;63;67;53;70;54;69;65;52;62;67;69;70;60
1692.0;79;63;67;53;70;54;69;65;52;62;67;69;70;60
1698.0;79;63;67;53;70;54;69;65;52;62;67;69;70;60
1704.0;79;63;67;53;70;54;69;65;52;62;67;69;70;60
1710.0;79;63;67;53;70;54;69;65;52;62;67;69;70;60
1716.0;79;63;67;53;70;54;69;65;52;62;67;69;70;60
1722.0;79;63;67;53;70;54;69;65;52;62;67;69;70;60
1728.0;79;63;67;53;70;54;69;65;52;62;67;69;70;60
1734.0;79;63;67;53;70;54;69;65;52;62;67;69;70;60
1740.0;79;63;67;53;70;54;69;65;52;62;67;69;70;60
1746.0;79;63;67;53;70;54;69;65;52;62;67;69;70;60
1752.0;79;63;67;53;70;54;69;65;52;62;67;69;70;60
1758.0;79;63;67;53;70;54;69;65;52;62;67;69;70;60
1764.0;79;63;67;53;70;54;69;65;52;62;67;69;70;60
1770.0;79;63;67;53;70;54;69;65;52;62;67;69;70;60
1776.0;79;63;67;53;70;54;69;65;52;62;67;69;70;60
1782.0;79;63;67;53;70;54;69;65;52;62;67;69;70;60
1788.0;79;63;67;53;70;54;69;65;52;62;67;69;70;60
1794.0;79;63;67;53;70;54;69;65;52;62;67;69;70;60
