#auto generated file!
12.0;75;72;69;62;69;81;72;69;68;80;80;71;55;77
18.0;75;72;69;62;69;81;72;69;68;80;80;71;55;77
24.0;75;72;69;62;69;81;72;69;68;80;80;71;55;77
30.0;75;72;69;62;69;81;72;69;68;80;80;71;55;77
36.0;75;72;69;62;69;81;72;69;68;80;80;71;55;77
42.0;75;72;69;62;69;81;72;69;68;80;80;71;55;77
48.0;75;72;69;62;69;81;72;69;68;80;80;71;55;77
54.0;75;72;69;62;69;81;72;69;68;80;80;71;55;77
60.0;75;72;69;62;69;81;72;69;68;80;80;71;55;77
66.0;75;72;69;62;69;81;72;69;68;80;80;71;55;77
72.0;75;72;69;62;69;81;72;69;68;80;80;71;55;77
78.0;75;72;69;62;69;81;72;69;68;80;80;71;55;77
84.0;75;72;69;62;69;81;72;69;68;80;80;71;55;77
90.0;75;72;69;62;69;81;72;69;68;80;80;71;55;77
96.0;75;72;69;62;69;81;72;69;68;80;80;71;55;77
102.0;75;72;69;62;69;81;72;69;68;80;80;71;55;77
108.0;75;72;69;62;69;81;72;69;68;80;80;71;55;77
114.0;75;72;69;62;69;81;72;69;68;80;80;71;55;77
120.0;75;72;69;62;69;81;72;69;68;80;80;71;55;77
126.0;75;72;69;62;69;81;72;69;68;80;80;71;55;77
132.0;75;72;69;62;69;81;72;69;68;80;80;71;55;77
138.0;75;72;69;62;69;81;72;69;68;80;80;71;55;77
144.0;75;72;69;62;69;81;72;69;68;80;80;71;55;77
150.0;75;72;69;62;69;81;72;69;68;80;80;71;55;77
156.0;75;72;69;62;69;81;72;69;68;80;80;71;55;77
162.0;75;72;69;62;69;81;72;69;68;80;80;71;55;77
168.0;75;72;69;62;69;81;72;69;68;80;80;71;55;77
174.0;75;72;69;62;69;81;72;69;68;80;80;71;55;77
180.0;75;72;69;62;69;81;72;69;68;80;80;71;55;77
186.0;75;72;69;62;69;81;72;69;68;80;80;71;55;77
192.0;75;72;69;62;69;81;72;69;68;80;80;71;55;77
198.0;75;72;69;62;69;81;72;69;68;80;80;71;55;77
204.0;75;72;69;62;69;81;72;69;68;80;80;71;55;77
210.0;75;72;69;62;69;81;72;69;68;80;80;71;55;77
216.0;75;72;69;62;69;81;72;69;68;80;80;71;55;77
222.0;75;72;69;62;69;81;72;69;68;80;80;71;55;77
228.0;75;72;69;62;69;81;72;69;68;80;80;71;55;77
234.0;75;72;69;62;69;81;72;69;68;80;80;71;55;77
240.0;75;72;69;62;69;81;72;69;68;80;80;71;55;77
246.0;75;72;69;62;69;81;72;69;68;80;80;71;55;77
252.0;75;72;69;62;69;81;72;69;68;80;80;71;55;77
258.0;75;72;69;62;69;81;72;69;68;80;80;71;55;77
264.0;75;72;69;62;69;81;72;69;68;80;80;71;55;77
270.0;75;72;69;62;69;81;72;69;68;80;80;71;55;77
276.0;75;72;69;62;69;81;72;69;68;80;80;71;55;77
282.0;75;72;69;62;69;81;72;69;68;80;80;71;55;77
288.0;75;72;69;62;69;81;72;69;68;80;80;71;55;77
294.0;75;72;69;62;69;81;72;69;68;80;80;71;55;77
300.0;75;72;69;62;69;81;72;69;68;80;80;71;55;77
306.0;75;72;69;62;69;81;72;69;68;80;80;71;55;77
312.0;75;72;69;62;69;81;72;69;68;80;80;71;55;77
318.0;75;72;69;62;69;81;72;69;68;80;80;71;55;77
324.0;75;72;69;62;69;81;72;69;68;80;80;71;55;77
330.0;75;72;69;62;69;81;72;69;68;80;80;71;55;77
336.0;75;72;69;62;69;81;72;69;68;80;80;71;55;77
342.0;75;72;69;62;69;81;72;69;68;80;80;71;55;77
348.0;75;72;69;62;69;81;72;69;68;80;80;71;55;77
354.0;75;72;69;62;69;81;72;69;68;80;80;71;55;77
360.0;75;72;69;62;69;81;72;69;68;80;80;71;55;77
366.0;75;72;69;62;69;81;72;69;68;80;80;71;55;77
372.0;75;72;69;62;69;81;72;69;68;80;80;71;55;77
378.0;75;72;69;62;69;81;72;69;68;80;80;71;55;77
384.0;75;72;69;62;69;81;72;69;68;80;80;71;55;77
390.0;75;72;69;62;69;81;72;69;68;80;80;71;55;77
396.0;75;72;69;62;69;81;72;69;68;80;80;71;55;77
402.0;75;72;69;62;69;81;72;69;68;80;80;71;55;77
408.0;75;72;69;62;69;81;72;69;68;80;80;71;55;77
414.0;75;72;69;62;69;81;72;69;68;80;80;71;55;77
420.0;75;72;69;62;69;81;72;69;68;80;80;71;55;77
426.0;75;72;69;62;69;81;72;69;68;80;80;71;55;77
432.0;75;72;69;62;69;81;72;69;68;80;80;71;55;77
438.0;75;72;69;62;69;81;72;69;68;80;80;71;55;77
444.0;75;72;69;62;69;81;72;69;68;80;80;71;55;77
450.0;75;72;69;62;69;81;72;69;68;80;80;71;55;77
456.0;75;72;69;62;69;81;72;69;68;80;80;71;55;77
462.0;75;72;69;62;69;81;72;69;68;80;80;71;55;77
468.0;75;72;69;62;69;81;72;69;68;80;80;71;55;77
474.0;75;72;69;62;69;81;72;69;68;80;80;71;55;77
480.0;75;72;69;62;69;81;72;69;68;80;80;71;55;77
486.0;75;72;69;62;69;81;72;69;68;80;80;71;55;77
492.0;75;72;69;62;69;81;72;69;68;80;80;71;55;77
498.0;75;72;69;62;69;81;72;69;68;80;80;71;55;77
504.0;75;72;69;62;69;81;72;69;68;80;80;71;55;77
510.0;75;72;69;62;69;81;72;69;68;80;80;71;55;77
516.0;75;72;69;62;69;81;72;69;68;80;80;71;55;77
522.0;75;72;69;62;69;81;72;69;68;80;80;71;55;77
528.0;75;72;69;62;69;81;72;69;68;80;80;71;55;77
534.0;75;72;69;62;69;81;72;69;68;80;80;71;55;77
540.0;75;72;69;62;69;81;72;69;68;80;80;71;55;77
546.0;75;72;69;62;69;81;72;69;68;80;80;71;55;77
552.0;75;72;69;62;69;81;72;69;68;80;80;71;55;77
558.0;75;72;69;62;69;81;72;69;68;80;80;71;55;77
564.0;75;72;69;62;69;81;72;69;68;80;80;71;55;77
570.0;75;72;69;62;69;81;72;69;68;80;80;71;55;77
576.0;75;72;69;62;69;81;72;69;68;80;80;71;55;77
582.0;75;72;69;62;69;81;72;69;68;80;80;71;55;77
588.0;75;72;69;62;69;81;72;69;68;80;80;71;55;77
594.0;75;72;69;62;69;81;72;69;68;80;80;71;55;77
600.0;75;72;69;62;69;81;72;69;68;80;80;71;55;77
606.0;75;72;69;62;69;81;72;69;68;80;80;71;55;77
612.0;75;72;69;62;69;81;72;69;68;80;80;71;55;77
618.0;75;72;69;62;69;81;72;69;68;80;80;71;55;77
624.0;75;72;69;62;69;81;72;69;68;80;80;71;55;77
630.0;75;72;69;62;69;81;72;69;68;80;80;71;55;77
636.0;75;72;69;62;69;81;72;69;68;80;80;71;55;77
642.0;75;72;69;62;69;81;72;69;68;80;80;71;55;77
648.0;75;72;69;62;69;81;72;69;68;80;80;71;55;77
654.0;75;72;69;62;69;81;72;69;68;80;80;71;55;77
660.0;75;72;69;62;69;81;72;69;68;80;80;71;55;77
666.0;75;72;69;62;69;81;72;69;68;80;80;71;55;77
672.0;75;72;69;62;69;81;72;69;68;80;80;71;55;77
678.0;75;72;69;62;69;81;72;69;68;80;80;71;55;77
684.0;75;72;69;62;69;81;72;69;68;80;80;71;55;77
690.0;75;72;69;62;69;81;72;69;68;80;80;71;55;77
696.0;75;72;69;62;69;81;72;69;68;80;80;71;55;77
702.0;75;72;69;62;69;81;72;69;68;80;80;71;55;77
708.0;75;72;69;62;69;81;72;69;68;80;80;71;55;77
714.0;75;72;69;62;69;81;72;69;68;80;80;71;55;77
720.0;75;72;69;62;69;81;72;69;68;80;80;71;55;77
726.0;75;72;69;62;69;81;72;69;68;80;80;71;55;77
732.0;75;72;69;62;69;81;72;69;68;80;80;71;55;77
738.0;75;72;69;62;69;81;72;69;68;80;80;71;55;77
744.0;75;72;69;62;69;81;72;69;68;80;80;71;55;77
750.0;75;72;69;62;69;81;72;69;68;80;80;71;55;77
756.0;75;72;69;62;69;81;72;69;68;80;80;71;55;77
762.0;75;72;69;62;69;81;72;69;68;80;80;71;55;77
768.0;75;72;69;62;69;81;72;69;68;80;80;71;55;77
774.0;75;72;69;62;69;81;72;69;68;80;80;71;55;77
780.0;75;72;69;62;69;81;72;69;68;80;80;71;55;77
786.0;75;72;69;62;69;81;72;69;68;80;80;71;55;77
792.0;75;72;69;62;69;81;72;69;68;80;80;71;55;77
798.0;75;72;69;62;69;81;72;69;68;80;80;71;55;77
804.0;75;72;69;62;69;81;72;69;68;80;80;71;55;77
810.0;75;72;69;62;69;81;72;69;68;80;80;71;55;77
816.0;75;72;69;62;69;81;72;69;68;80;80;71;55;77
822.0;75;72;69;62;69;81;72;69;68;80;80;71;55;77
828.0;75;72;69;62;69;81;72;69;68;80;80;71;55;77
834.0;75;72;69;62;69;81;72;69;68;80;80;71;55;77
840.0;75;72;69;62;69;81;72;69;68;80;80;71;55;77
846.0;75;72;69;62;69;81;72;69;68;80;80;71;55;77
852.0;75;72;69;62;69;81;72;69;68;80;80;71;55;77
858.0;75;72;69;62;69;81;72;69;68;80;80;71;55;77
864.0;75;72;69;62;69;81;72;69;68;80;80;71;55;77
870.0;75;72;69;62;69;81;72;69;68;80;80;71;55;77
876.0;75;72;69;62;69;81;72;69;68;80;80;71;55;77
882.0;75;72;69;62;69;81;72;69;68;80;80;71;55;77
888.0;75;72;69;62;69;81;72;69;68;80;80;71;55;77
894.0;75;72;69;62;69;81;72;69;68;80;80;71;55;77
900.0;75;72;69;62;69;81;72;69;68;80;80;71;55;77
906.0;75;72;69;62;69;81;72;69;68;80;80;71;55;77
912.0;75;72;69;62;69;81;72;69;68;80;80;71;55;77
918.0;75;72;69;62;69;81;72;69;68;80;80;71;55;77
924.0;75;72;69;62;69;81;72;69;68;80;80;71;55;77
930.0;75;72;69;62;69;81;72;69;68;80;80;71;55;77
936.0;75;72;69;62;69;81;72;69;68;80;80;71;55;77
942.0;75;72;69;62;69;81;72;69;68;80;80;71;55;77
948.0;75;72;69;62;69;81;72;69;68;80;80;71;55;77
954.0;75;72;69;62;69;81;72;69;68;80;80;71;55;77
960.0;75;72;69;62;69;81;72;69;68;80;80;71;55;77
966.0;75;72;69;62;69;81;72;69;68;80;80;71;55;77
972.0;75;72;69;62;69;81;72;69;68;80;80;71;55;77
978.0;75;72;69;62;69;81;72;69;68;80;80;71;55;77
984.0;75;72;69;62;69;81;72;69;68;80;80;71;55;77
990.0;75;72;69;62;69;81;72;69;68;80;80;71;55;77
996.0;75;72;69;62;69;81;72;69;68;80;80;71;55;77
1002.0;75;72;69;62;69;81;72;69;68;80;80;71;55;77
1008.0;75;72;69;62;69;81;72;69;68;80;80;71;55;77
1014.0;75;72;69;62;69;81;72;69;68;80;80;71;55;77
1020.0;75;72;69;62;69;81;72;69;68;80;80;71;55;77
1026.0;75;72;69;62;69;81;72;69;68;80;80;71;55;77
1032.0;75;72;69;62;69;81;72;69;68;80;80;71;55;77
1038.0;75;72;69;62;69;81;72;69;68;80;80;71;55;77
1044.0;75;72;69;62;69;81;72;69;68;80;80;71;55;77
1050.0;75;72;69;62;69;81;72;69;68;80;80;71;55;77
1056.0;75;72;69;62;69;81;72;69;68;80;80;71;55;77
1062.0;75;72;69;62;69;81;72;69;68;80;80;71;55;77
1068.0;75;72;69;62;69;81;72;69;68;80;80;71;55;77
1074.0;75;72;69;62;69;81;72;69;68;80;80;71;55;77
1080.0;75;72;69;62;69;81;72;69;68;80;80;71;55;77
1086.0;75;72;69;62;69;81;72;69;68;80;80;71;55;77
1092.0;75;72;69;62;69;81;72;69;68;80;80;71;55;77
1098.0;75;72;69;62;69;81;72;69;68;80;80;71;55;77
1104.0;75;72;69;62;69;81;72;69;68;80;80;71;55;77
1110.0;75;72;69;62;69;81;72;69;68;80;80;71;55;77
1116.0;75;72;69;62;69;81;72;69;68;80;80;71;55;77
1122.0;75;72;69;62;69;81;72;69;68;80;80;71;55;77
1128.0;75;72;69;62;69;81;72;69;68;80;80;71;55;77
1134.0;75;72;69;62;69;81;72;69;68;80;80;71;55;77
1140.0;75;72;69;62;69;81;72;69;68;80;80;71;55;77
1146.0;75;72;69;62;69;81;72;69;68;80;80;71;55;77
1152.0;75;72;69;62;69;81;72;69;68;80;80;71;55;77
1158.0;75;72;69;62;69;81;72;69;68;80;80;71;55;77
1164.0;75;72;69;62;69;81;72;69;68;80;80;71;55;77
1170.0;75;72;69;62;69;81;72;69;68;80;80;71;55;77
1176.0;75;72;69;62;69;81;72;69;68;80;80;71;55;77
1182.0;75;72;69;62;69;81;72;69;68;80;80;71;55;77
1188.0;75;72;69;62;69;81;72;69;68;80;80;71;55;77
1194.0;75;72;69;62;69;81;72;69;68;80;80;71;55;77
1200.0;75;72;69;62;69;81;72;69;68;80;80;71;55;77
1206.0;75;72;69;62;69;81;72;69;68;80;80;71;55;77
1212.0;75;72;69;62;69;81;72;69;68;80;80;71;55;77
1218.0;75;72;69;62;69;81;72;69;68;80;80;71;55;77
1224.0;75;72;69;62;69;81;72;69;68;80;80;71;55;77
1230.0;75;72;69;62;69;81;72;69;68;80;80;71;55;77
1236.0;75;72;69;62;69;81;72;69;68;80;80;71;55;77
1242.0;75;72;69;62;69;81;72;69;68;80;80;71;55;77
1248.0;75;72;69;62;69;81;72;69;68;80;80;71;55;77
1254.0;75;72;69;62;69;81;72;69;68;80;80;71;55;77
1260.0;75;72;69;62;69;81;72;69;68;80;80;71;55;77
1266.0;75;72;69;62;69;81;72;69;68;80;80;71;55;77
1272.0;75;72;69;62;69;81;72;69;68;80;80;71;55;77
1278.0;75;72;69;62;69;81;72;69;68;80;80;71;55;77
1284.0;75;72;69;62;69;81;72;69;68;80;80;71;55;77
1290.0;75;72;69;62;69;81;72;69;68;80;80;71;55;77
1296.0;75;72;69;62;69;81;72;69;68;80;80;71;55;77
1302.0;75;72;69;62;69;81;72;69;68;80;80;71;55;77
1308.0;75;72;69;62;69;81;72;69;68;80;80;71;55;77
1314.0;75;72;69;62;69;81;72;69;68;80;80;71;55;77
1320.0;75;72;69;62;69;81;72;69;68;80;80;71;55;77
1326.0;75;72;69;62;69;81;72;69;68;80;80;71;55;77
1332.0;75;72;69;62;69;81;72;69;68;80;80;71;55;77
1338.0;75;72;69;62;69;81;72;69;68;80;80;71;55;77
1344.0;75;72;69;62;69;81;72;69;68;80;80;71;55;77
1350.0;75;72;69;62;69;81;72;69;68;80;80;71;55;77
1356.0;75;72;69;62;69;81;72;69;68;80;80;71;55;77
1362.0;75;72;69;62;69;81;72;69;68;80;80;71;55;77
1368.0;75;72;69;62;69;81;72;69;68;80;80;71;55;77
1374.0;75;72;69;62;69;81;72;69;68;80;80;71;55;77
1380.0;75;72;69;62;69;81;72;69;68;80;80;71;55;77
1386.0;75;72;69;62;69;81;72;69;68;80;80;71;55;77
1392.0;75;72;69;62;69;81;72;69;68;80;80;71;55;77
1398.0;75;72;69;62;69;81;72;69;68;80;80;71;55;77
1404.0;75;72;69;62;69;81;72;69;68;80;80;71;55;77
1410.0;75;72;69;62;69;81;72;69;68;80;80;71;55;77
1416.0;75;72;69;62;69;81;72;69;68;80;80;71;55;77
1422.0;75;72;69;62;69;81;72;69;68;80;80;71;55;77
1428.0;75;72;69;62;69;81;72;69;68;80;80;71;55;77
1434.0;75;72;69;62;69;81;72;69;68;80;80;71;55;77
1440.0;75;72;69;62;69;81;72;69;68;80;80;71;55;77
1446.0;75;72;69;62;69;81;72;69;68;80;80;71;55;77
1452.0;75;72;69;62;69;81;72;69;68;80;80;71;55;77
1458.0;75;72;69;62;69;81;72;69;68;80;80;71;55;77
1464.0;75;72;69;62;69;81;72;69;68;80;80;71;55;77
1470.0;75;72;69;62;69;81;72;69;68;80;80;71;55;77
1476.0;75;72;69;62;69;81;72;69;68;80;80;71;55;77
1482.0;75;72;69;62;69;81;72;69;68;80;80;71;55;77
1488.0;75;72;69;62;69;81;72;69;68;80;80;71;55;77
1494.0;75;72;69;62;69;81;72;69;68;80;80;71;55;77
1500.0;75;72;69;62;69;81;72;69;68;80;80;71;55;77
1506.0;75;72;69;62;69;81;72;69;68;80;80;71;55;77
1512.0;75;72;69;62;69;81;72;69;68;80;80;71;55;77
1518.0;75;72;69;62;69;81;72;69;68;80;80;71;55;77
1524.0;75;72;69;62;69;81;72;69;68;80;80;71;55;77
1530.0;75;72;69;62;69;81;72;69;68;80;80;71;55;77
1536.0;75;72;69;62;69;81;72;69;68;80;80;71;55;77
1542.0;75;72;69;62;69;81;72;69;68;80;80;71;55;77
1548.0;75;72;69;62;69;81;72;69;68;80;80;71;55;77
1554.0;75;72;69;62;69;81;72;69;68;80;80;71;55;77
1560.0;75;72;69;62;69;81;72;69;68;80;80;71;55;77
1566.0;75;72;69;62;69;81;72;69;68;80;80;71;55;77
1572.0;75;72;69;62;69;81;72;69;68;80;80;71;55;77
1578.0;75;72;69;62;69;81;72;69;68;80;80;71;55;77
1584.0;75;72;69;62;69;81;72;69;68;80;80;71;55;77
1590.0;75;72;69;62;69;81;72;69;68;80;80;71;55;77
1596.0;75;72;69;62;69;81;72;69;68;80;80;71;55;77
1602.0;75;72;69;62;69;81;72;69;68;80;80;71;55;77
1608.0;75;72;69;62;69;81;72;69;68;80;80;71;55;77
1614.0;75;72;69;62;69;81;72;69;68;80;80;71;55;77
1620.0;75;72;69;62;69;81;72;69;68;80;80;71;55;77
1626.0;75;72;69;62;69;81;72;69;68;80;80;71;55;77
1632.0;75;72;69;62;69;81;72;69;68;80;80;71;55;77
1638.0;75;72;69;62;69;81;72;69;68;80;80;71;55;77
1644.0;75;72;69;62;69;81;72;69;68;80;80;71;55;77
1650.0;75;72;69;62;69;81;72;69;68;80;80;71;55;77
1656.0;75;72;69;62;69;81;72;69;68;80;80;71;55;77
1662.0;75;72;69;62;69;81;72;69;68;80;80;71;55;77
1668.0;75;72;69;62;69;81;72;69;68;80;80;71;55;77
1674.0;75;72;69;62;69;81;72;69;68;80;80;71;55;77
1680.0;75;72;69;62;69;81;72;69;68;80;80;71;55;77
1686.0;75;72;69;62;69;81;72;69;68;80;80;71;55;77
1692.0;75;72;69;62;69;81;72;69;68;80;80;71;55;77
1698.0;75;72;69;62;69;81;72;69;68;80;80;71;55;77
1704.0;75;72;69;62;69;81;72;69;68;80;80;71;55;77
1710.0;75;72;69;62;69;81;72;69;68;80;80;71;55;77
1716.0;75;72;69;62;69;81;72;69;68;80;80;71;55;77
1722.0;75;72;69;62;69;81;72;69;68;80;80;71;55;77
1728.0;75;72;69;62;69;81;72;69;68;80;80;71;55;77
1734.0;75;72;69;62;69;81;72;69;68;80;80;71;55;77
1740.0;75;72;69;62;69;81;72;69;68;80;80;71;55;77
1746.0;75;72;69;62;69;81;72;69;68;80;80;71;55;77
1752.0;75;72;69;62;69;81;72;69;68;80;80;71;55;77
1758.0;75;72;69;62;69;81;72;69;68;80;80;71;55;77
1764.0;75;72;69;62;69;81;72;69;68;80;80;71;55;77
1770.0;75;72;69;62;69;81;72;69;68;80;80;71;55;77
1776.0;75;72;69;62;69;81;72;69;68;80;80;71;55;77
1782.0;75;72;69;62;69;81;72;69;68;80;80;71;55;77
1788.0;75;72;69;62;69;81;72;69;68;80;80;71;55;77
1794.0;75;72;69;62;69;81;72;69;68;80;80;71;55;77
