#auto generated file!
12.0;54;32;33;34;21;44;31;24;39;39;44;39;37;29
18.0;54;32;33;34;21;44;31;24;39;39;44;39;37;29
24.0;54;32;33;34;21;44;31;24;39;39;44;39;37;29
30.0;54;32;33;34;21;44;31;24;39;39;44;39;37;29
36.0;54;32;33;34;21;44;31;24;39;39;44;39;37;29
42.0;54;32;33;34;21;44;31;24;39;39;44;39;37;29
48.0;54;32;33;34;21;44;31;24;39;39;44;39;37;29
54.0;54;32;33;34;21;44;31;24;39;39;44;39;37;29
60.0;54;32;33;34;21;44;31;24;39;39;44;39;37;29
66.0;54;32;33;34;21;44;31;24;39;39;44;39;37;29
72.0;54;32;33;34;21;44;31;24;39;39;44;39;37;29
78.0;54;32;33;34;21;44;31;24;39;39;44;39;37;29
84.0;54;32;33;34;21;44;31;24;39;39;44;39;37;29
90.0;54;32;33;34;21;44;31;24;39;39;44;39;37;29
96.0;54;32;33;34;21;44;31;24;39;39;44;39;37;29
102.0;54;32;33;34;21;44;31;24;39;39;44;39;37;29
108.0;54;32;33;34;21;44;31;24;39;39;44;39;37;29
114.0;54;32;33;34;21;44;31;24;39;39;44;39;37;29
120.0;54;32;33;34;21;44;31;24;39;39;44;39;37;29
126.0;54;32;33;34;21;44;31;24;39;39;44;39;37;29
132.0;54;32;33;34;21;44;31;24;39;39;44;39;37;29
138.0;54;32;33;34;21;44;31;24;39;39;44;39;37;29
144.0;54;32;33;34;21;44;31;24;39;39;44;39;37;29
150.0;54;32;33;34;21;44;31;24;39;39;44;39;37;29
156.0;54;32;33;34;21;44;31;24;39;39;44;39;37;29
162.0;54;32;33;34;21;44;31;24;39;39;44;39;37;29
168.0;54;32;33;34;21;44;31;24;39;39;44;39;37;29
174.0;54;32;33;34;21;44;31;24;39;39;44;39;37;29
180.0;54;32;33;34;21;44;31;24;39;39;44;39;37;29
186.0;54;32;33;34;21;44;31;24;39;39;44;39;37;29
192.0;54;32;33;34;21;44;31;24;39;39;44;39;37;29
198.0;54;32;33;34;21;44;31;24;39;39;44;39;37;29
204.0;54;32;33;34;21;44;31;24;39;39;44;39;37;29
210.0;54;32;33;34;21;44;31;24;39;39;44;39;37;29
216.0;54;32;33;34;21;44;31;24;39;39;44;39;37;29
222.0;54;32;33;34;21;44;31;24;39;39;44;39;37;29
228.0;54;32;33;34;21;44;31;24;39;39;44;39;37;29
234.0;54;32;33;34;21;44;31;24;39;39;44;39;37;29
240.0;54;32;33;34;21;44;31;24;39;39;44;39;37;29
246.0;54;32;33;34;21;44;31;24;39;39;44;39;37;29
252.0;54;32;33;34;21;44;31;24;39;39;44;39;37;29
258.0;54;32;33;34;21;44;31;24;39;39;44;39;37;29
264.0;54;32;33;34;21;44;31;24;39;39;44;39;37;29
270.0;54;32;33;34;21;44;31;24;39;39;44;39;37;29
276.0;54;32;33;34;21;44;31;24;39;39;44;39;37;29
282.0;54;32;33;34;21;44;31;24;39;39;44;39;37;29
288.0;54;32;33;34;21;44;31;24;39;39;44;39;37;29
294.0;54;32;33;34;21;44;31;24;39;39;44;39;37;29
300.0;54;32;33;34;21;44;31;24;39;39;44;39;37;29
306.0;54;32;33;34;21;44;31;24;39;39;44;39;37;29
312.0;54;32;33;34;21;44;31;24;39;39;44;39;37;29
318.0;54;32;33;34;21;44;31;24;39;39;44;39;37;29
324.0;54;32;33;34;21;44;31;24;39;39;44;39;37;29
330.0;54;32;33;34;21;44;31;24;39;39;44;39;37;29
336.0;54;32;33;34;21;44;31;24;39;39;44;39;37;29
342.0;54;32;33;34;21;44;31;24;39;39;44;39;37;29
348.0;54;32;33;34;21;44;31;24;39;39;44;39;37;29
354.0;54;32;33;34;21;44;31;24;39;39;44;39;37;29
360.0;54;32;33;34;21;44;31;24;39;39;44;39;37;29
366.0;54;32;33;34;21;44;31;24;39;39;44;39;37;29
372.0;54;32;33;34;21;44;31;24;39;39;44;39;37;29
378.0;54;32;33;34;21;44;31;24;39;39;44;39;37;29
384.0;54;32;33;34;21;44;31;24;39;39;44;39;37;29
390.0;54;32;33;34;21;44;31;24;39;39;44;39;37;29
396.0;54;32;33;34;21;44;31;24;39;39;44;39;37;29
402.0;54;32;33;34;21;44;31;24;39;39;44;39;37;29
408.0;54;32;33;34;21;44;31;24;39;39;44;39;37;29
414.0;54;32;33;34;21;44;31;24;39;39;44;39;37;29
420.0;54;32;33;34;21;44;31;24;39;39;44;39;37;29
426.0;54;32;33;34;21;44;31;24;39;39;44;39;37;29
432.0;54;32;33;34;21;44;31;24;39;39;44;39;37;29
438.0;54;32;33;34;21;44;31;24;39;39;44;39;37;29
444.0;54;32;33;34;21;44;31;24;39;39;44;39;37;29
450.0;54;32;33;34;21;44;31;24;39;39;44;39;37;29
456.0;54;32;33;34;21;44;31;24;39;39;44;39;37;29
462.0;54;32;33;34;21;44;31;24;39;39;44;39;37;29
468.0;54;32;33;34;21;44;31;24;39;39;44;39;37;29
474.0;54;32;33;34;21;44;31;24;39;39;44;39;37;29
480.0;54;32;33;34;21;44;31;24;39;39;44;39;37;29
486.0;54;32;33;34;21;44;31;24;39;39;44;39;37;29
492.0;54;32;33;34;21;44;31;24;39;39;44;39;37;29
498.0;54;32;33;34;21;44;31;24;39;39;44;39;37;29
504.0;54;32;33;34;21;44;31;24;39;39;44;39;37;29
510.0;54;32;33;34;21;44;31;24;39;39;44;39;37;29
516.0;54;32;33;34;21;44;31;24;39;39;44;39;37;29
522.0;54;32;33;34;21;44;31;24;39;39;44;39;37;29
528.0;54;32;33;34;21;44;31;24;39;39;44;39;37;29
534.0;54;32;33;34;21;44;31;24;39;39;44;39;37;29
540.0;54;32;33;34;21;44;31;24;39;39;44;39;37;29
546.0;54;32;33;34;21;44;31;24;39;39;44;39;37;29
552.0;54;32;33;34;21;44;31;24;39;39;44;39;37;29
558.0;54;32;33;34;21;44;31;24;39;39;44;39;37;29
564.0;54;32;33;34;21;44;31;24;39;39;44;39;37;29
570.0;54;32;33;34;21;44;31;24;39;39;44;39;37;29
576.0;54;32;33;34;21;44;31;24;39;39;44;39;37;29
582.0;54;32;33;34;21;44;31;24;39;39;44;39;37;29
588.0;54;32;33;34;21;44;31;24;39;39;44;39;37;29
594.0;54;32;33;34;21;44;31;24;39;39;44;39;37;29
600.0;54;32;33;34;21;44;31;24;39;39;44;39;37;29
606.0;54;32;33;34;21;44;31;24;39;39;44;39;37;29
612.0;54;32;33;34;21;44;31;24;39;39;44;39;37;29
618.0;54;32;33;34;21;44;31;24;39;39;44;39;37;29
624.0;54;32;33;34;21;44;31;24;39;39;44;39;37;29
630.0;54;32;33;34;21;44;31;24;39;39;44;39;37;29
636.0;54;32;33;34;21;44;31;24;39;39;44;39;37;29
642.0;54;32;33;34;21;44;31;24;39;39;44;39;37;29
648.0;54;32;33;34;21;44;31;24;39;39;44;39;37;29
654.0;54;32;33;34;21;44;31;24;39;39;44;39;37;29
660.0;54;32;33;34;21;44;31;24;39;39;44;39;37;29
666.0;54;32;33;34;21;44;31;24;39;39;44;39;37;29
672.0;54;32;33;34;21;44;31;24;39;39;44;39;37;29
678.0;54;32;33;34;21;44;31;24;39;39;44;39;37;29
684.0;54;32;33;34;21;44;31;24;39;39;44;39;37;29
690.0;54;32;33;34;21;44;31;24;39;39;44;39;37;29
696.0;54;32;33;34;21;44;31;24;39;39;44;39;37;29
702.0;54;32;33;34;21;44;31;24;39;39;44;39;37;29
708.0;54;32;33;34;21;44;31;24;39;39;44;39;37;29
714.0;54;32;33;34;21;44;31;24;39;39;44;39;37;29
720.0;54;32;33;34;21;44;31;24;39;39;44;39;37;29
726.0;54;32;33;34;21;44;31;24;39;39;44;39;37;29
732.0;54;32;33;34;21;44;31;24;39;39;44;39;37;29
738.0;54;32;33;34;21;44;31;24;39;39;44;39;37;29
744.0;54;32;33;34;21;44;31;24;39;39;44;39;37;29
750.0;54;32;33;34;21;44;31;24;39;39;44;39;37;29
756.0;54;32;33;34;21;44;31;24;39;39;44;39;37;29
762.0;54;32;33;34;21;44;31;24;39;39;44;39;37;29
768.0;54;32;33;34;21;44;31;24;39;39;44;39;37;29
774.0;54;32;33;34;21;44;31;24;39;39;44;39;37;29
780.0;54;32;33;34;21;44;31;24;39;39;44;39;37;29
786.0;54;32;33;34;21;44;31;24;39;39;44;39;37;29
792.0;54;32;33;34;21;44;31;24;39;39;44;39;37;29
798.0;54;32;33;34;21;44;31;24;39;39;44;39;37;29
804.0;54;32;33;34;21;44;31;24;39;39;44;39;37;29
810.0;54;32;33;34;21;44;31;24;39;39;44;39;37;29
816.0;54;32;33;34;21;44;31;24;39;39;44;39;37;29
822.0;54;32;33;34;21;44;31;24;39;39;44;39;37;29
828.0;54;32;33;34;21;44;31;24;39;39;44;39;37;29
834.0;54;32;33;34;21;44;31;24;39;39;44;39;37;29
840.0;54;32;33;34;21;44;31;24;39;39;44;39;37;29
846.0;54;32;33;34;21;44;31;24;39;39;44;39;37;29
852.0;54;32;33;34;21;44;31;24;39;39;44;39;37;29
858.0;54;32;33;34;21;44;31;24;39;39;44;39;37;29
864.0;54;32;33;34;21;44;31;24;39;39;44;39;37;29
870.0;54;32;33;34;21;44;31;24;39;39;44;39;37;29
876.0;54;32;33;34;21;44;31;24;39;39;44;39;37;29
882.0;54;32;33;34;21;44;31;24;39;39;44;39;37;29
888.0;54;32;33;34;21;44;31;24;39;39;44;39;37;29
894.0;54;32;33;34;21;44;31;24;39;39;44;39;37;29
900.0;54;32;33;34;21;44;31;24;39;39;44;39;37;29
906.0;54;32;33;34;21;44;31;24;39;39;44;39;37;29
912.0;54;32;33;34;21;44;31;24;39;39;44;39;37;29
918.0;54;32;33;34;21;44;31;24;39;39;44;39;37;29
924.0;54;32;33;34;21;44;31;24;39;39;44;39;37;29
930.0;54;32;33;34;21;44;31;24;39;39;44;39;37;29
936.0;54;32;33;34;21;44;31;24;39;39;44;39;37;29
942.0;54;32;33;34;21;44;31;24;39;39;44;39;37;29
948.0;54;32;33;34;21;44;31;24;39;39;44;39;37;29
954.0;54;32;33;34;21;44;31;24;39;39;44;39;37;29
960.0;54;32;33;34;21;44;31;24;39;39;44;39;37;29
966.0;54;32;33;34;21;44;31;24;39;39;44;39;37;29
972.0;54;32;33;34;21;44;31;24;39;39;44;39;37;29
978.0;54;32;33;34;21;44;31;24;39;39;44;39;37;29
984.0;54;32;33;34;21;44;31;24;39;39;44;39;37;29
990.0;54;32;33;34;21;44;31;24;39;39;44;39;37;29
996.0;54;32;33;34;21;44;31;24;39;39;44;39;37;29
1002.0;54;32;33;34;21;44;31;24;39;39;44;39;37;29
1008.0;54;32;33;34;21;44;31;24;39;39;44;39;37;29
1014.0;54;32;33;34;21;44;31;24;39;39;44;39;37;29
1020.0;54;32;33;34;21;44;31;24;39;39;44;39;37;29
1026.0;54;32;33;34;21;44;31;24;39;39;44;39;37;29
1032.0;54;32;33;34;21;44;31;24;39;39;44;39;37;29
1038.0;54;32;33;34;21;44;31;24;39;39;44;39;37;29
1044.0;54;32;33;34;21;44;31;24;39;39;44;39;37;29
1050.0;54;32;33;34;21;44;31;24;39;39;44;39;37;29
1056.0;54;32;33;34;21;44;31;24;39;39;44;39;37;29
1062.0;54;32;33;34;21;44;31;24;39;39;44;39;37;29
1068.0;54;32;33;34;21;44;31;24;39;39;44;39;37;29
1074.0;54;32;33;34;21;44;31;24;39;39;44;39;37;29
1080.0;54;32;33;34;21;44;31;24;39;39;44;39;37;29
1086.0;54;32;33;34;21;44;31;24;39;39;44;39;37;29
1092.0;54;32;33;34;21;44;31;24;39;39;44;39;37;29
1098.0;54;32;33;34;21;44;31;24;39;39;44;39;37;29
1104.0;54;32;33;34;21;44;31;24;39;39;44;39;37;29
1110.0;54;32;33;34;21;44;31;24;39;39;44;39;37;29
1116.0;54;32;33;34;21;44;31;24;39;39;44;39;37;29
1122.0;54;32;33;34;21;44;31;24;39;39;44;39;37;29
1128.0;54;32;33;34;21;44;31;24;39;39;44;39;37;29
1134.0;54;32;33;34;21;44;31;24;39;39;44;39;37;29
1140.0;54;32;33;34;21;44;31;24;39;39;44;39;37;29
1146.0;54;32;33;34;21;44;31;24;39;39;44;39;37;29
1152.0;54;32;33;34;21;44;31;24;39;39;44;39;37;29
1158.0;54;32;33;34;21;44;31;24;39;39;44;39;37;29
1164.0;54;32;33;34;21;44;31;24;39;39;44;39;37;29
1170.0;54;32;33;34;21;44;31;24;39;39;44;39;37;29
1176.0;54;32;33;34;21;44;31;24;39;39;44;39;37;29
1182.0;54;32;33;34;21;44;31;24;39;39;44;39;37;29
1188.0;54;32;33;34;21;44;31;24;39;39;44;39;37;29
1194.0;54;32;33;34;21;44;31;24;39;39;44;39;37;29
1200.0;54;32;33;34;21;44;31;24;39;39;44;39;37;29
1206.0;54;32;33;34;21;44;31;24;39;39;44;39;37;29
1212.0;54;32;33;34;21;44;31;24;39;39;44;39;37;29
1218.0;54;32;33;34;21;44;31;24;39;39;44;39;37;29
1224.0;54;32;33;34;21;44;31;24;39;39;44;39;37;29
1230.0;54;32;33;34;21;44;31;24;39;39;44;39;37;29
1236.0;54;32;33;34;21;44;31;24;39;39;44;39;37;29
1242.0;54;32;33;34;21;44;31;24;39;39;44;39;37;29
1248.0;54;32;33;34;21;44;31;24;39;39;44;39;37;29
1254.0;54;32;33;34;21;44;31;24;39;39;44;39;37;29
1260.0;54;32;33;34;21;44;31;24;39;39;44;39;37;29
1266.0;54;32;33;34;21;44;31;24;39;39;44;39;37;29
1272.0;54;32;33;34;21;44;31;24;39;39;44;39;37;29
1278.0;54;32;33;34;21;44;31;24;39;39;44;39;37;29
1284.0;54;32;33;34;21;44;31;24;39;39;44;39;37;29
1290.0;54;32;33;34;21;44;31;24;39;39;44;39;37;29
1296.0;54;32;33;34;21;44;31;24;39;39;44;39;37;29
1302.0;54;32;33;34;21;44;31;24;39;39;44;39;37;29
1308.0;54;32;33;34;21;44;31;24;39;39;44;39;37;29
1314.0;54;32;33;34;21;44;31;24;39;39;44;39;37;29
1320.0;54;32;33;34;21;44;31;24;39;39;44;39;37;29
1326.0;54;32;33;34;21;44;31;24;39;39;44;39;37;29
1332.0;54;32;33;34;21;44;31;24;39;39;44;39;37;29
1338.0;54;32;33;34;21;44;31;24;39;39;44;39;37;29
1344.0;54;32;33;34;21;44;31;24;39;39;44;39;37;29
1350.0;54;32;33;34;21;44;31;24;39;39;44;39;37;29
1356.0;54;32;33;34;21;44;31;24;39;39;44;39;37;29
1362.0;54;32;33;34;21;44;31;24;39;39;44;39;37;29
1368.0;54;32;33;34;21;44;31;24;39;39;44;39;37;29
1374.0;54;32;33;34;21;44;31;24;39;39;44;39;37;29
1380.0;54;32;33;34;21;44;31;24;39;39;44;39;37;29
1386.0;54;32;33;34;21;44;31;24;39;39;44;39;37;29
1392.0;54;32;33;34;21;44;31;24;39;39;44;39;37;29
1398.0;54;32;33;34;21;44;31;24;39;39;44;39;37;29
1404.0;54;32;33;34;21;44;31;24;39;39;44;39;37;29
1410.0;54;32;33;34;21;44;31;24;39;39;44;39;37;29
1416.0;54;32;33;34;21;44;31;24;39;39;44;39;37;29
1422.0;54;32;33;34;21;44;31;24;39;39;44;39;37;29
1428.0;54;32;33;34;21;44;31;24;39;39;44;39;37;29
1434.0;54;32;33;34;21;44;31;24;39;39;44;39;37;29
1440.0;54;32;33;34;21;44;31;24;39;39;44;39;37;29
1446.0;54;32;33;34;21;44;31;24;39;39;44;39;37;29
1452.0;54;32;33;34;21;44;31;24;39;39;44;39;37;29
1458.0;54;32;33;34;21;44;31;24;39;39;44;39;37;29
1464.0;54;32;33;34;21;44;31;24;39;39;44;39;37;29
1470.0;54;32;33;34;21;44;31;24;39;39;44;39;37;29
1476.0;54;32;33;34;21;44;31;24;39;39;44;39;37;29
1482.0;54;32;33;34;21;44;31;24;39;39;44;39;37;29
1488.0;54;32;33;34;21;44;31;24;39;39;44;39;37;29
1494.0;54;32;33;34;21;44;31;24;39;39;44;39;37;29
1500.0;54;32;33;34;21;44;31;24;39;39;44;39;37;29
1506.0;54;32;33;34;21;44;31;24;39;39;44;39;37;29
1512.0;54;32;33;34;21;44;31;24;39;39;44;39;37;29
1518.0;54;32;33;34;21;44;31;24;39;39;44;39;37;29
1524.0;54;32;33;34;21;44;31;24;39;39;44;39;37;29
1530.0;54;32;33;34;21;44;31;24;39;39;44;39;37;29
1536.0;54;32;33;34;21;44;31;24;39;39;44;39;37;29
1542.0;54;32;33;34;21;44;31;24;39;39;44;39;37;29
1548.0;54;32;33;34;21;44;31;24;39;39;44;39;37;29
1554.0;54;32;33;34;21;44;31;24;39;39;44;39;37;29
1560.0;54;32;33;34;21;44;31;24;39;39;44;39;37;29
1566.0;54;32;33;34;21;44;31;24;39;39;44;39;37;29
1572.0;54;32;33;34;21;44;31;24;39;39;44;39;37;29
1578.0;54;32;33;34;21;44;31;24;39;39;44;39;37;29
1584.0;54;32;33;34;21;44;31;24;39;39;44;39;37;29
1590.0;54;32;33;34;21;44;31;24;39;39;44;39;37;29
1596.0;54;32;33;34;21;44;31;24;39;39;44;39;37;29
1602.0;54;32;33;34;21;44;31;24;39;39;44;39;37;29
1608.0;54;32;33;34;21;44;31;24;39;39;44;39;37;29
1614.0;54;32;33;34;21;44;31;24;39;39;44;39;37;29
1620.0;54;32;33;34;21;44;31;24;39;39;44;39;37;29
1626.0;54;32;33;34;21;44;31;24;39;39;44;39;37;29
1632.0;54;32;33;34;21;44;31;24;39;39;44;39;37;29
1638.0;54;32;33;34;21;44;31;24;39;39;44;39;37;29
1644.0;54;32;33;34;21;44;31;24;39;39;44;39;37;29
1650.0;54;32;33;34;21;44;31;24;39;39;44;39;37;29
1656.0;54;32;33;34;21;44;31;24;39;39;44;39;37;29
1662.0;54;32;33;34;21;44;31;24;39;39;44;39;37;29
1668.0;54;32;33;34;21;44;31;24;39;39;44;39;37;29
1674.0;54;32;33;34;21;44;31;24;39;39;44;39;37;29
1680.0;54;32;33;34;21;44;31;24;39;39;44;39;37;29
1686.0;54;32;33;34;21;44;31;24;39;39;44;39;37;29
1692.0;54;32;33;34;21;44;31;24;39;39;44;39;37;29
1698.0;54;32;33;34;21;44;31;24;39;39;44;39;37;29
1704.0;54;32;33;34;21;44;31;24;39;39;44;39;37;29
1710.0;54;32;33;34;21;44;31;24;39;39;44;39;37;29
1716.0;54;32;33;34;21;44;31;24;39;39;44;39;37;29
1722.0;54;32;33;34;21;44;31;24;39;39;44;39;37;29
1728.0;54;32;33;34;21;44;31;24;39;39;44;39;37;29
1734.0;54;32;33;34;21;44;31;24;39;39;44;39;37;29
1740.0;54;32;33;34;21;44;31;24;39;39;44;39;37;29
1746.0;54;32;33;34;21;44;31;24;39;39;44;39;37;29
1752.0;54;32;33;34;21;44;31;24;39;39;44;39;37;29
1758.0;54;32;33;34;21;44;31;24;39;39;44;39;37;29
1764.0;54;32;33;34;21;44;31;24;39;39;44;39;37;29
1770.0;54;32;33;34;21;44;31;24;39;39;44;39;37;29
1776.0;54;32;33;34;21;44;31;24;39;39;44;39;37;29
1782.0;54;32;33;34;21;44;31;24;39;39;44;39;37;29
1788.0;54;32;33;34;21;44;31;24;39;39;44;39;37;29
1794.0;54;32;33;34;21;44;31;24;39;39;44;39;37;29
