#auto generated file!
12.0;40;54;41;45;47;41;41;43;36;38;44;41;39;50
18.0;40;54;41;45;47;41;41;43;36;38;44;41;39;50
24.0;40;54;41;45;47;41;41;43;36;38;44;41;39;50
30.0;40;54;41;45;47;41;41;43;36;38;44;41;39;50
36.0;40;54;41;45;47;41;41;43;36;38;44;41;39;50
42.0;40;54;41;45;47;41;41;43;36;38;44;41;39;50
48.0;40;54;41;45;47;41;41;43;36;38;44;41;39;50
54.0;40;54;41;45;47;41;41;43;36;38;44;41;39;50
60.0;40;54;41;45;47;41;41;43;36;38;44;41;39;50
66.0;40;54;41;45;47;41;41;43;36;38;44;41;39;50
72.0;40;54;41;45;47;41;41;43;36;38;44;41;39;50
78.0;40;54;41;45;47;41;41;43;36;38;44;41;39;50
84.0;40;54;41;45;47;41;41;43;36;38;44;41;39;50
90.0;40;54;41;45;47;41;41;43;36;38;44;41;39;50
96.0;40;54;41;45;47;41;41;43;36;38;44;41;39;50
102.0;40;54;41;45;47;41;41;43;36;38;44;41;39;50
108.0;40;54;41;45;47;41;41;43;36;38;44;41;39;50
114.0;40;54;41;45;47;41;41;43;36;38;44;41;39;50
120.0;40;54;41;45;47;41;41;43;36;38;44;41;39;50
126.0;40;54;41;45;47;41;41;43;36;38;44;41;39;50
132.0;40;54;41;45;47;41;41;43;36;38;44;41;39;50
138.0;40;54;41;45;47;41;41;43;36;38;44;41;39;50
144.0;40;54;41;45;47;41;41;43;36;38;44;41;39;50
150.0;40;54;41;45;47;41;41;43;36;38;44;41;39;50
156.0;40;54;41;45;47;41;41;43;36;38;44;41;39;50
162.0;40;54;41;45;47;41;41;43;36;38;44;41;39;50
168.0;40;54;41;45;47;41;41;43;36;38;44;41;39;50
174.0;40;54;41;45;47;41;41;43;36;38;44;41;39;50
180.0;40;54;41;45;47;41;41;43;36;38;44;41;39;50
186.0;40;54;41;45;47;41;41;43;36;38;44;41;39;50
192.0;40;54;41;45;47;41;41;43;36;38;44;41;39;50
198.0;40;54;41;45;47;41;41;43;36;38;44;41;39;50
204.0;40;54;41;45;47;41;41;43;36;38;44;41;39;50
210.0;40;54;41;45;47;41;41;43;36;38;44;41;39;50
216.0;40;54;41;45;47;41;41;43;36;38;44;41;39;50
222.0;40;54;41;45;47;41;41;43;36;38;44;41;39;50
228.0;40;54;41;45;47;41;41;43;36;38;44;41;39;50
234.0;40;54;41;45;47;41;41;43;36;38;44;41;39;50
240.0;40;54;41;45;47;41;41;43;36;38;44;41;39;50
246.0;40;54;41;45;47;41;41;43;36;38;44;41;39;50
252.0;40;54;41;45;47;41;41;43;36;38;44;41;39;50
258.0;40;54;41;45;47;41;41;43;36;38;44;41;39;50
264.0;40;54;41;45;47;41;41;43;36;38;44;41;39;50
270.0;40;54;41;45;47;41;41;43;36;38;44;41;39;50
276.0;40;54;41;45;47;41;41;43;36;38;44;41;39;50
282.0;40;54;41;45;47;41;41;43;36;38;44;41;39;50
288.0;40;54;41;45;47;41;41;43;36;38;44;41;39;50
294.0;40;54;41;45;47;41;41;43;36;38;44;41;39;50
300.0;40;54;41;45;47;41;41;43;36;38;44;41;39;50
306.0;40;54;41;45;47;41;41;43;36;38;44;41;39;50
312.0;40;54;41;45;47;41;41;43;36;38;44;41;39;50
318.0;40;54;41;45;47;41;41;43;36;38;44;41;39;50
324.0;40;54;41;45;47;41;41;43;36;38;44;41;39;50
330.0;40;54;41;45;47;41;41;43;36;38;44;41;39;50
336.0;40;54;41;45;47;41;41;43;36;38;44;41;39;50
342.0;40;54;41;45;47;41;41;43;36;38;44;41;39;50
348.0;40;54;41;45;47;41;41;43;36;38;44;41;39;50
354.0;40;54;41;45;47;41;41;43;36;38;44;41;39;50
360.0;40;54;41;45;47;41;41;43;36;38;44;41;39;50
366.0;40;54;41;45;47;41;41;43;36;38;44;41;39;50
372.0;40;54;41;45;47;41;41;43;36;38;44;41;39;50
378.0;40;54;41;45;47;41;41;43;36;38;44;41;39;50
384.0;40;54;41;45;47;41;41;43;36;38;44;41;39;50
390.0;40;54;41;45;47;41;41;43;36;38;44;41;39;50
396.0;40;54;41;45;47;41;41;43;36;38;44;41;39;50
402.0;40;54;41;45;47;41;41;43;36;38;44;41;39;50
408.0;40;54;41;45;47;41;41;43;36;38;44;41;39;50
414.0;40;54;41;45;47;41;41;43;36;38;44;41;39;50
420.0;40;54;41;45;47;41;41;43;36;38;44;41;39;50
426.0;40;54;41;45;47;41;41;43;36;38;44;41;39;50
432.0;40;54;41;45;47;41;41;43;36;38;44;41;39;50
438.0;40;54;41;45;47;41;41;43;36;38;44;41;39;50
444.0;40;54;41;45;47;41;41;43;36;38;44;41;39;50
450.0;40;54;41;45;47;41;41;43;36;38;44;41;39;50
456.0;40;54;41;45;47;41;41;43;36;38;44;41;39;50
462.0;40;54;41;45;47;41;41;43;36;38;44;41;39;50
468.0;40;54;41;45;47;41;41;43;36;38;44;41;39;50
474.0;40;54;41;45;47;41;41;43;36;38;44;41;39;50
480.0;40;54;41;45;47;41;41;43;36;38;44;41;39;50
486.0;40;54;41;45;47;41;41;43;36;38;44;41;39;50
492.0;40;54;41;45;47;41;41;43;36;38;44;41;39;50
498.0;40;54;41;45;47;41;41;43;36;38;44;41;39;50
504.0;40;54;41;45;47;41;41;43;36;38;44;41;39;50
510.0;40;54;41;45;47;41;41;43;36;38;44;41;39;50
516.0;40;54;41;45;47;41;41;43;36;38;44;41;39;50
522.0;40;54;41;45;47;41;41;43;36;38;44;41;39;50
528.0;40;54;41;45;47;41;41;43;36;38;44;41;39;50
534.0;40;54;41;45;47;41;41;43;36;38;44;41;39;50
540.0;40;54;41;45;47;41;41;43;36;38;44;41;39;50
546.0;40;54;41;45;47;41;41;43;36;38;44;41;39;50
552.0;40;54;41;45;47;41;41;43;36;38;44;41;39;50
558.0;40;54;41;45;47;41;41;43;36;38;44;41;39;50
564.0;40;54;41;45;47;41;41;43;36;38;44;41;39;50
570.0;40;54;41;45;47;41;41;43;36;38;44;41;39;50
576.0;40;54;41;45;47;41;41;43;36;38;44;41;39;50
582.0;40;54;41;45;47;41;41;43;36;38;44;41;39;50
588.0;40;54;41;45;47;41;41;43;36;38;44;41;39;50
594.0;40;54;41;45;47;41;41;43;36;38;44;41;39;50
600.0;40;54;41;45;47;41;41;43;36;38;44;41;39;50
606.0;40;54;41;45;47;41;41;43;36;38;44;41;39;50
612.0;40;54;41;45;47;41;41;43;36;38;44;41;39;50
618.0;40;54;41;45;47;41;41;43;36;38;44;41;39;50
624.0;40;54;41;45;47;41;41;43;36;38;44;41;39;50
630.0;40;54;41;45;47;41;41;43;36;38;44;41;39;50
636.0;40;54;41;45;47;41;41;43;36;38;44;41;39;50
642.0;40;54;41;45;47;41;41;43;36;38;44;41;39;50
648.0;40;54;41;45;47;41;41;43;36;38;44;41;39;50
654.0;40;54;41;45;47;41;41;43;36;38;44;41;39;50
660.0;40;54;41;45;47;41;41;43;36;38;44;41;39;50
666.0;40;54;41;45;47;41;41;43;36;38;44;41;39;50
672.0;40;54;41;45;47;41;41;43;36;38;44;41;39;50
678.0;40;54;41;45;47;41;41;43;36;38;44;41;39;50
684.0;40;54;41;45;47;41;41;43;36;38;44;41;39;50
690.0;40;54;41;45;47;41;41;43;36;38;44;41;39;50
696.0;40;54;41;45;47;41;41;43;36;38;44;41;39;50
702.0;40;54;41;45;47;41;41;43;36;38;44;41;39;50
708.0;40;54;41;45;47;41;41;43;36;38;44;41;39;50
714.0;40;54;41;45;47;41;41;43;36;38;44;41;39;50
720.0;40;54;41;45;47;41;41;43;36;38;44;41;39;50
726.0;40;54;41;45;47;41;41;43;36;38;44;41;39;50
732.0;40;54;41;45;47;41;41;43;36;38;44;41;39;50
738.0;40;54;41;45;47;41;41;43;36;38;44;41;39;50
744.0;40;54;41;45;47;41;41;43;36;38;44;41;39;50
750.0;40;54;41;45;47;41;41;43;36;38;44;41;39;50
756.0;40;54;41;45;47;41;41;43;36;38;44;41;39;50
762.0;40;54;41;45;47;41;41;43;36;38;44;41;39;50
768.0;40;54;41;45;47;41;41;43;36;38;44;41;39;50
774.0;40;54;41;45;47;41;41;43;36;38;44;41;39;50
780.0;40;54;41;45;47;41;41;43;36;38;44;41;39;50
786.0;40;54;41;45;47;41;41;43;36;38;44;41;39;50
792.0;40;54;41;45;47;41;41;43;36;38;44;41;39;50
798.0;40;54;41;45;47;41;41;43;36;38;44;41;39;50
804.0;40;54;41;45;47;41;41;43;36;38;44;41;39;50
810.0;40;54;41;45;47;41;41;43;36;38;44;41;39;50
816.0;40;54;41;45;47;41;41;43;36;38;44;41;39;50
822.0;40;54;41;45;47;41;41;43;36;38;44;41;39;50
828.0;40;54;41;45;47;41;41;43;36;38;44;41;39;50
834.0;40;54;41;45;47;41;41;43;36;38;44;41;39;50
840.0;40;54;41;45;47;41;41;43;36;38;44;41;39;50
846.0;40;54;41;45;47;41;41;43;36;38;44;41;39;50
852.0;40;54;41;45;47;41;41;43;36;38;44;41;39;50
858.0;40;54;41;45;47;41;41;43;36;38;44;41;39;50
864.0;40;54;41;45;47;41;41;43;36;38;44;41;39;50
870.0;40;54;41;45;47;41;41;43;36;38;44;41;39;50
876.0;40;54;41;45;47;41;41;43;36;38;44;41;39;50
882.0;40;54;41;45;47;41;41;43;36;38;44;41;39;50
888.0;40;54;41;45;47;41;41;43;36;38;44;41;39;50
894.0;40;54;41;45;47;41;41;43;36;38;44;41;39;50
900.0;40;54;41;45;47;41;41;43;36;38;44;41;39;50
906.0;40;54;41;45;47;41;41;43;36;38;44;41;39;50
912.0;40;54;41;45;47;41;41;43;36;38;44;41;39;50
918.0;40;54;41;45;47;41;41;43;36;38;44;41;39;50
924.0;40;54;41;45;47;41;41;43;36;38;44;41;39;50
930.0;40;54;41;45;47;41;41;43;36;38;44;41;39;50
936.0;40;54;41;45;47;41;41;43;36;38;44;41;39;50
942.0;40;54;41;45;47;41;41;43;36;38;44;41;39;50
948.0;40;54;41;45;47;41;41;43;36;38;44;41;39;50
954.0;40;54;41;45;47;41;41;43;36;38;44;41;39;50
960.0;40;54;41;45;47;41;41;43;36;38;44;41;39;50
966.0;40;54;41;45;47;41;41;43;36;38;44;41;39;50
972.0;40;54;41;45;47;41;41;43;36;38;44;41;39;50
978.0;40;54;41;45;47;41;41;43;36;38;44;41;39;50
984.0;40;54;41;45;47;41;41;43;36;38;44;41;39;50
990.0;40;54;41;45;47;41;41;43;36;38;44;41;39;50
996.0;40;54;41;45;47;41;41;43;36;38;44;41;39;50
1002.0;40;54;41;45;47;41;41;43;36;38;44;41;39;50
1008.0;40;54;41;45;47;41;41;43;36;38;44;41;39;50
1014.0;40;54;41;45;47;41;41;43;36;38;44;41;39;50
1020.0;40;54;41;45;47;41;41;43;36;38;44;41;39;50
1026.0;40;54;41;45;47;41;41;43;36;38;44;41;39;50
1032.0;40;54;41;45;47;41;41;43;36;38;44;41;39;50
1038.0;40;54;41;45;47;41;41;43;36;38;44;41;39;50
1044.0;40;54;41;45;47;41;41;43;36;38;44;41;39;50
1050.0;40;54;41;45;47;41;41;43;36;38;44;41;39;50
1056.0;40;54;41;45;47;41;41;43;36;38;44;41;39;50
1062.0;40;54;41;45;47;41;41;43;36;38;44;41;39;50
1068.0;40;54;41;45;47;41;41;43;36;38;44;41;39;50
1074.0;40;54;41;45;47;41;41;43;36;38;44;41;39;50
1080.0;40;54;41;45;47;41;41;43;36;38;44;41;39;50
1086.0;40;54;41;45;47;41;41;43;36;38;44;41;39;50
1092.0;40;54;41;45;47;41;41;43;36;38;44;41;39;50
1098.0;40;54;41;45;47;41;41;43;36;38;44;41;39;50
1104.0;40;54;41;45;47;41;41;43;36;38;44;41;39;50
1110.0;40;54;41;45;47;41;41;43;36;38;44;41;39;50
1116.0;40;54;41;45;47;41;41;43;36;38;44;41;39;50
1122.0;40;54;41;45;47;41;41;43;36;38;44;41;39;50
1128.0;40;54;41;45;47;41;41;43;36;38;44;41;39;50
1134.0;40;54;41;45;47;41;41;43;36;38;44;41;39;50
1140.0;40;54;41;45;47;41;41;43;36;38;44;41;39;50
1146.0;40;54;41;45;47;41;41;43;36;38;44;41;39;50
1152.0;40;54;41;45;47;41;41;43;36;38;44;41;39;50
1158.0;40;54;41;45;47;41;41;43;36;38;44;41;39;50
1164.0;40;54;41;45;47;41;41;43;36;38;44;41;39;50
1170.0;40;54;41;45;47;41;41;43;36;38;44;41;39;50
1176.0;40;54;41;45;47;41;41;43;36;38;44;41;39;50
1182.0;40;54;41;45;47;41;41;43;36;38;44;41;39;50
1188.0;40;54;41;45;47;41;41;43;36;38;44;41;39;50
1194.0;40;54;41;45;47;41;41;43;36;38;44;41;39;50
1200.0;40;54;41;45;47;41;41;43;36;38;44;41;39;50
1206.0;40;54;41;45;47;41;41;43;36;38;44;41;39;50
1212.0;40;54;41;45;47;41;41;43;36;38;44;41;39;50
1218.0;40;54;41;45;47;41;41;43;36;38;44;41;39;50
1224.0;40;54;41;45;47;41;41;43;36;38;44;41;39;50
1230.0;40;54;41;45;47;41;41;43;36;38;44;41;39;50
1236.0;40;54;41;45;47;41;41;43;36;38;44;41;39;50
1242.0;40;54;41;45;47;41;41;43;36;38;44;41;39;50
1248.0;40;54;41;45;47;41;41;43;36;38;44;41;39;50
1254.0;40;54;41;45;47;41;41;43;36;38;44;41;39;50
1260.0;40;54;41;45;47;41;41;43;36;38;44;41;39;50
1266.0;40;54;41;45;47;41;41;43;36;38;44;41;39;50
1272.0;40;54;41;45;47;41;41;43;36;38;44;41;39;50
1278.0;40;54;41;45;47;41;41;43;36;38;44;41;39;50
1284.0;40;54;41;45;47;41;41;43;36;38;44;41;39;50
1290.0;40;54;41;45;47;41;41;43;36;38;44;41;39;50
1296.0;40;54;41;45;47;41;41;43;36;38;44;41;39;50
1302.0;40;54;41;45;47;41;41;43;36;38;44;41;39;50
1308.0;40;54;41;45;47;41;41;43;36;38;44;41;39;50
1314.0;40;54;41;45;47;41;41;43;36;38;44;41;39;50
1320.0;40;54;41;45;47;41;41;43;36;38;44;41;39;50
1326.0;40;54;41;45;47;41;41;43;36;38;44;41;39;50
1332.0;40;54;41;45;47;41;41;43;36;38;44;41;39;50
1338.0;40;54;41;45;47;41;41;43;36;38;44;41;39;50
1344.0;40;54;41;45;47;41;41;43;36;38;44;41;39;50
1350.0;40;54;41;45;47;41;41;43;36;38;44;41;39;50
1356.0;40;54;41;45;47;41;41;43;36;38;44;41;39;50
1362.0;40;54;41;45;47;41;41;43;36;38;44;41;39;50
1368.0;40;54;41;45;47;41;41;43;36;38;44;41;39;50
1374.0;40;54;41;45;47;41;41;43;36;38;44;41;39;50
1380.0;40;54;41;45;47;41;41;43;36;38;44;41;39;50
1386.0;40;54;41;45;47;41;41;43;36;38;44;41;39;50
1392.0;40;54;41;45;47;41;41;43;36;38;44;41;39;50
1398.0;40;54;41;45;47;41;41;43;36;38;44;41;39;50
1404.0;40;54;41;45;47;41;41;43;36;38;44;41;39;50
1410.0;40;54;41;45;47;41;41;43;36;38;44;41;39;50
1416.0;40;54;41;45;47;41;41;43;36;38;44;41;39;50
1422.0;40;54;41;45;47;41;41;43;36;38;44;41;39;50
1428.0;40;54;41;45;47;41;41;43;36;38;44;41;39;50
1434.0;40;54;41;45;47;41;41;43;36;38;44;41;39;50
1440.0;40;54;41;45;47;41;41;43;36;38;44;41;39;50
1446.0;40;54;41;45;47;41;41;43;36;38;44;41;39;50
1452.0;40;54;41;45;47;41;41;43;36;38;44;41;39;50
1458.0;40;54;41;45;47;41;41;43;36;38;44;41;39;50
1464.0;40;54;41;45;47;41;41;43;36;38;44;41;39;50
1470.0;40;54;41;45;47;41;41;43;36;38;44;41;39;50
1476.0;40;54;41;45;47;41;41;43;36;38;44;41;39;50
1482.0;40;54;41;45;47;41;41;43;36;38;44;41;39;50
1488.0;40;54;41;45;47;41;41;43;36;38;44;41;39;50
1494.0;40;54;41;45;47;41;41;43;36;38;44;41;39;50
1500.0;40;54;41;45;47;41;41;43;36;38;44;41;39;50
1506.0;40;54;41;45;47;41;41;43;36;38;44;41;39;50
1512.0;40;54;41;45;47;41;41;43;36;38;44;41;39;50
1518.0;40;54;41;45;47;41;41;43;36;38;44;41;39;50
1524.0;40;54;41;45;47;41;41;43;36;38;44;41;39;50
1530.0;40;54;41;45;47;41;41;43;36;38;44;41;39;50
1536.0;40;54;41;45;47;41;41;43;36;38;44;41;39;50
1542.0;40;54;41;45;47;41;41;43;36;38;44;41;39;50
1548.0;40;54;41;45;47;41;41;43;36;38;44;41;39;50
1554.0;40;54;41;45;47;41;41;43;36;38;44;41;39;50
1560.0;40;54;41;45;47;41;41;43;36;38;44;41;39;50
1566.0;40;54;41;45;47;41;41;43;36;38;44;41;39;50
1572.0;40;54;41;45;47;41;41;43;36;38;44;41;39;50
1578.0;40;54;41;45;47;41;41;43;36;38;44;41;39;50
1584.0;40;54;41;45;47;41;41;43;36;38;44;41;39;50
1590.0;40;54;41;45;47;41;41;43;36;38;44;41;39;50
1596.0;40;54;41;45;47;41;41;43;36;38;44;41;39;50
1602.0;40;54;41;45;47;41;41;43;36;38;44;41;39;50
1608.0;40;54;41;45;47;41;41;43;36;38;44;41;39;50
1614.0;40;54;41;45;47;41;41;43;36;38;44;41;39;50
1620.0;40;54;41;45;47;41;41;43;36;38;44;41;39;50
1626.0;40;54;41;45;47;41;41;43;36;38;44;41;39;50
1632.0;40;54;41;45;47;41;41;43;36;38;44;41;39;50
1638.0;40;54;41;45;47;41;41;43;36;38;44;41;39;50
1644.0;40;54;41;45;47;41;41;43;36;38;44;41;39;50
1650.0;40;54;41;45;47;41;41;43;36;38;44;41;39;50
1656.0;40;54;41;45;47;41;41;43;36;38;44;41;39;50
1662.0;40;54;41;45;47;41;41;43;36;38;44;41;39;50
1668.0;40;54;41;45;47;41;41;43;36;38;44;41;39;50
1674.0;40;54;41;45;47;41;41;43;36;38;44;41;39;50
1680.0;40;54;41;45;47;41;41;43;36;38;44;41;39;50
1686.0;40;54;41;45;47;41;41;43;36;38;44;41;39;50
1692.0;40;54;41;45;47;41;41;43;36;38;44;41;39;50
1698.0;40;54;41;45;47;41;41;43;36;38;44;41;39;50
1704.0;40;54;41;45;47;41;41;43;36;38;44;41;39;50
1710.0;40;54;41;45;47;41;41;43;36;38;44;41;39;50
1716.0;40;54;41;45;47;41;41;43;36;38;44;41;39;50
1722.0;40;54;41;45;47;41;41;43;36;38;44;41;39;50
1728.0;40;54;41;45;47;41;41;43;36;38;44;41;39;50
1734.0;40;54;41;45;47;41;41;43;36;38;44;41;39;50
1740.0;40;54;41;45;47;41;41;43;36;38;44;41;39;50
1746.0;40;54;41;45;47;41;41;43;36;38;44;41;39;50
1752.0;40;54;41;45;47;41;41;43;36;38;44;41;39;50
1758.0;40;54;41;45;47;41;41;43;36;38;44;41;39;50
1764.0;40;54;41;45;47;41;41;43;36;38;44;41;39;50
1770.0;40;54;41;45;47;41;41;43;36;38;44;41;39;50
1776.0;40;54;41;45;47;41;41;43;36;38;44;41;39;50
1782.0;40;54;41;45;47;41;41;43;36;38;44;41;39;50
1788.0;40;54;41;45;47;41;41;43;36;38;44;41;39;50
1794.0;40;54;41;45;47;41;41;43;36;38;44;41;39;50
