#auto generated file!
12.0;79;61;66;60;57;52;68;81;66;59;65;58;62;66
18.0;79;61;66;60;57;52;68;81;66;59;65;58;62;66
24.0;79;61;66;60;57;52;68;81;66;59;65;58;62;66
30.0;79;61;66;60;57;52;68;81;66;59;65;58;62;66
36.0;79;61;66;60;57;52;68;81;66;59;65;58;62;66
42.0;79;61;66;60;57;52;68;81;66;59;65;58;62;66
48.0;79;61;66;60;57;52;68;81;66;59;65;58;62;66
54.0;79;61;66;60;57;52;68;81;66;59;65;58;62;66
60.0;79;61;66;60;57;52;68;81;66;59;65;58;62;66
66.0;79;61;66;60;57;52;68;81;66;59;65;58;62;66
72.0;79;61;66;60;57;52;68;81;66;59;65;58;62;66
78.0;79;61;66;60;57;52;68;81;66;59;65;58;62;66
84.0;79;61;66;60;57;52;68;81;66;59;65;58;62;66
90.0;79;61;66;60;57;52;68;81;66;59;65;58;62;66
96.0;79;61;66;60;57;52;68;81;66;59;65;58;62;66
102.0;79;61;66;60;57;52;68;81;66;59;65;58;62;66
108.0;79;61;66;60;57;52;68;81;66;59;65;58;62;66
114.0;79;61;66;60;57;52;68;81;66;59;65;58;62;66
120.0;79;61;66;60;57;52;68;81;66;59;65;58;62;66
126.0;79;61;66;60;57;52;68;81;66;59;65;58;62;66
132.0;79;61;66;60;57;52;68;81;66;59;65;58;62;66
138.0;79;61;66;60;57;52;68;81;66;59;65;58;62;66
144.0;79;61;66;60;57;52;68;81;66;59;65;58;62;66
150.0;79;61;66;60;57;52;68;81;66;59;65;58;62;66
156.0;79;61;66;60;57;52;68;81;66;59;65;58;62;66
162.0;79;61;66;60;57;52;68;81;66;59;65;58;62;66
168.0;79;61;66;60;57;52;68;81;66;59;65;58;62;66
174.0;79;61;66;60;57;52;68;81;66;59;65;58;62;66
180.0;79;61;66;60;57;52;68;81;66;59;65;58;62;66
186.0;79;61;66;60;57;52;68;81;66;59;65;58;62;66
192.0;79;61;66;60;57;52;68;81;66;59;65;58;62;66
198.0;79;61;66;60;57;52;68;81;66;59;65;58;62;66
204.0;79;61;66;60;57;52;68;81;66;59;65;58;62;66
210.0;79;61;66;60;57;52;68;81;66;59;65;58;62;66
216.0;79;61;66;60;57;52;68;81;66;59;65;58;62;66
222.0;79;61;66;60;57;52;68;81;66;59;65;58;62;66
228.0;79;61;66;60;57;52;68;81;66;59;65;58;62;66
234.0;79;61;66;60;57;52;68;81;66;59;65;58;62;66
240.0;79;61;66;60;57;52;68;81;66;59;65;58;62;66
246.0;79;61;66;60;57;52;68;81;66;59;65;58;62;66
252.0;79;61;66;60;57;52;68;81;66;59;65;58;62;66
258.0;79;61;66;60;57;52;68;81;66;59;65;58;62;66
264.0;79;61;66;60;57;52;68;81;66;59;65;58;62;66
270.0;79;61;66;60;57;52;68;81;66;59;65;58;62;66
276.0;79;61;66;60;57;52;68;81;66;59;65;58;62;66
282.0;79;61;66;60;57;52;68;81;66;59;65;58;62;66
288.0;79;61;66;60;57;52;68;81;66;59;65;58;62;66
294.0;79;61;66;60;57;52;68;81;66;59;65;58;62;66
300.0;79;61;66;60;57;52;68;81;66;59;65;58;62;66
306.0;79;61;66;60;57;52;68;81;66;59;65;58;62;66
312.0;79;61;66;60;57;52;68;81;66;59;65;58;62;66
318.0;79;61;66;60;57;52;68;81;66;59;65;58;62;66
324.0;79;61;66;60;57;52;68;81;66;59;65;58;62;66
330.0;79;61;66;60;57;52;68;81;66;59;65;58;62;66
336.0;79;61;66;60;57;52;68;81;66;59;65;58;62;66
342.0;79;61;66;60;57;52;68;81;66;59;65;58;62;66
348.0;79;61;66;60;57;52;68;81;66;59;65;58;62;66
354.0;79;61;66;60;57;52;68;81;66;59;65;58;62;66
360.0;79;61;66;60;57;52;68;81;66;59;65;58;62;66
366.0;79;61;66;60;57;52;68;81;66;59;65;58;62;66
372.0;79;61;66;60;57;52;68;81;66;59;65;58;62;66
378.0;79;61;66;60;57;52;68;81;66;59;65;58;62;66
384.0;79;61;66;60;57;52;68;81;66;59;65;58;62;66
390.0;79;61;66;60;57;52;68;81;66;59;65;58;62;66
396.0;79;61;66;60;57;52;68;81;66;59;65;58;62;66
402.0;79;61;66;60;57;52;68;81;66;59;65;58;62;66
408.0;79;61;66;60;57;52;68;81;66;59;65;58;62;66
414.0;79;61;66;60;57;52;68;81;66;59;65;58;62;66
420.0;79;61;66;60;57;52;68;81;66;59;65;58;62;66
426.0;79;61;66;60;57;52;68;81;66;59;65;58;62;66
432.0;79;61;66;60;57;52;68;81;66;59;65;58;62;66
438.0;79;61;66;60;57;52;68;81;66;59;65;58;62;66
444.0;79;61;66;60;57;52;68;81;66;59;65;58;62;66
450.0;79;61;66;60;57;52;68;81;66;59;65;58;62;66
456.0;79;61;66;60;57;52;68;81;66;59;65;58;62;66
462.0;79;61;66;60;57;52;68;81;66;59;65;58;62;66
468.0;79;61;66;60;57;52;68;81;66;59;65;58;62;66
474.0;79;61;66;60;57;52;68;81;66;59;65;58;62;66
480.0;79;61;66;60;57;52;68;81;66;59;65;58;62;66
486.0;79;61;66;60;57;52;68;81;66;59;65;58;62;66
492.0;79;61;66;60;57;52;68;81;66;59;65;58;62;66
498.0;79;61;66;60;57;52;68;81;66;59;65;58;62;66
504.0;79;61;66;60;57;52;68;81;66;59;65;58;62;66
510.0;79;61;66;60;57;52;68;81;66;59;65;58;62;66
516.0;79;61;66;60;57;52;68;81;66;59;65;58;62;66
522.0;79;61;66;60;57;52;68;81;66;59;65;58;62;66
528.0;79;61;66;60;57;52;68;81;66;59;65;58;62;66
534.0;79;61;66;60;57;52;68;81;66;59;65;58;62;66
540.0;79;61;66;60;57;52;68;81;66;59;65;58;62;66
546.0;79;61;66;60;57;52;68;81;66;59;65;58;62;66
552.0;79;61;66;60;57;52;68;81;66;59;65;58;62;66
558.0;79;61;66;60;57;52;68;81;66;59;65;58;62;66
564.0;79;61;66;60;57;52;68;81;66;59;65;58;62;66
570.0;79;61;66;60;57;52;68;81;66;59;65;58;62;66
576.0;79;61;66;60;57;52;68;81;66;59;65;58;62;66
582.0;79;61;66;60;57;52;68;81;66;59;65;58;62;66
588.0;79;61;66;60;57;52;68;81;66;59;65;58;62;66
594.0;79;61;66;60;57;52;68;81;66;59;65;58;62;66
600.0;79;61;66;60;57;52;68;81;66;59;65;58;62;66
606.0;79;61;66;60;57;52;68;81;66;59;65;58;62;66
612.0;79;61;66;60;57;52;68;81;66;59;65;58;62;66
618.0;79;61;66;60;57;52;68;81;66;59;65;58;62;66
624.0;79;61;66;60;57;52;68;81;66;59;65;58;62;66
630.0;79;61;66;60;57;52;68;81;66;59;65;58;62;66
636.0;79;61;66;60;57;52;68;81;66;59;65;58;62;66
642.0;79;61;66;60;57;52;68;81;66;59;65;58;62;66
648.0;79;61;66;60;57;52;68;81;66;59;65;58;62;66
654.0;79;61;66;60;57;52;68;81;66;59;65;58;62;66
660.0;79;61;66;60;57;52;68;81;66;59;65;58;62;66
666.0;79;61;66;60;57;52;68;81;66;59;65;58;62;66
672.0;79;61;66;60;57;52;68;81;66;59;65;58;62;66
678.0;79;61;66;60;57;52;68;81;66;59;65;58;62;66
684.0;79;61;66;60;57;52;68;81;66;59;65;58;62;66
690.0;79;61;66;60;57;52;68;81;66;59;65;58;62;66
696.0;79;61;66;60;57;52;68;81;66;59;65;58;62;66
702.0;79;61;66;60;57;52;68;81;66;59;65;58;62;66
708.0;79;61;66;60;57;52;68;81;66;59;65;58;62;66
714.0;79;61;66;60;57;52;68;81;66;59;65;58;62;66
720.0;79;61;66;60;57;52;68;81;66;59;65;58;62;66
726.0;79;61;66;60;57;52;68;81;66;59;65;58;62;66
732.0;79;61;66;60;57;52;68;81;66;59;65;58;62;66
738.0;79;61;66;60;57;52;68;81;66;59;65;58;62;66
744.0;79;61;66;60;57;52;68;81;66;59;65;58;62;66
750.0;79;61;66;60;57;52;68;81;66;59;65;58;62;66
756.0;79;61;66;60;57;52;68;81;66;59;65;58;62;66
762.0;79;61;66;60;57;52;68;81;66;59;65;58;62;66
768.0;79;61;66;60;57;52;68;81;66;59;65;58;62;66
774.0;79;61;66;60;57;52;68;81;66;59;65;58;62;66
780.0;79;61;66;60;57;52;68;81;66;59;65;58;62;66
786.0;79;61;66;60;57;52;68;81;66;59;65;58;62;66
792.0;79;61;66;60;57;52;68;81;66;59;65;58;62;66
798.0;79;61;66;60;57;52;68;81;66;59;65;58;62;66
804.0;79;61;66;60;57;52;68;81;66;59;65;58;62;66
810.0;79;61;66;60;57;52;68;81;66;59;65;58;62;66
816.0;79;61;66;60;57;52;68;81;66;59;65;58;62;66
822.0;79;61;66;60;57;52;68;81;66;59;65;58;62;66
828.0;79;61;66;60;57;52;68;81;66;59;65;58;62;66
834.0;79;61;66;60;57;52;68;81;66;59;65;58;62;66
840.0;79;61;66;60;57;52;68;81;66;59;65;58;62;66
846.0;79;61;66;60;57;52;68;81;66;59;65;58;62;66
852.0;79;61;66;60;57;52;68;81;66;59;65;58;62;66
858.0;79;61;66;60;57;52;68;81;66;59;65;58;62;66
864.0;79;61;66;60;57;52;68;81;66;59;65;58;62;66
870.0;79;61;66;60;57;52;68;81;66;59;65;58;62;66
876.0;79;61;66;60;57;52;68;81;66;59;65;58;62;66
882.0;79;61;66;60;57;52;68;81;66;59;65;58;62;66
888.0;79;61;66;60;57;52;68;81;66;59;65;58;62;66
894.0;79;61;66;60;57;52;68;81;66;59;65;58;62;66
900.0;79;61;66;60;57;52;68;81;66;59;65;58;62;66
906.0;79;61;66;60;57;52;68;81;66;59;65;58;62;66
912.0;79;61;66;60;57;52;68;81;66;59;65;58;62;66
918.0;79;61;66;60;57;52;68;81;66;59;65;58;62;66
924.0;79;61;66;60;57;52;68;81;66;59;65;58;62;66
930.0;79;61;66;60;57;52;68;81;66;59;65;58;62;66
936.0;79;61;66;60;57;52;68;81;66;59;65;58;62;66
942.0;79;61;66;60;57;52;68;81;66;59;65;58;62;66
948.0;79;61;66;60;57;52;68;81;66;59;65;58;62;66
954.0;79;61;66;60;57;52;68;81;66;59;65;58;62;66
960.0;79;61;66;60;57;52;68;81;66;59;65;58;62;66
966.0;79;61;66;60;57;52;68;81;66;59;65;58;62;66
972.0;79;61;66;60;57;52;68;81;66;59;65;58;62;66
978.0;79;61;66;60;57;52;68;81;66;59;65;58;62;66
984.0;79;61;66;60;57;52;68;81;66;59;65;58;62;66
990.0;79;61;66;60;57;52;68;81;66;59;65;58;62;66
996.0;79;61;66;60;57;52;68;81;66;59;65;58;62;66
1002.0;79;61;66;60;57;52;68;81;66;59;65;58;62;66
1008.0;79;61;66;60;57;52;68;81;66;59;65;58;62;66
1014.0;79;61;66;60;57;52;68;81;66;59;65;58;62;66
1020.0;79;61;66;60;57;52;68;81;66;59;65;58;62;66
1026.0;79;61;66;60;57;52;68;81;66;59;65;58;62;66
1032.0;79;61;66;60;57;52;68;81;66;59;65;58;62;66
1038.0;79;61;66;60;57;52;68;81;66;59;65;58;62;66
1044.0;79;61;66;60;57;52;68;81;66;59;65;58;62;66
1050.0;79;61;66;60;57;52;68;81;66;59;65;58;62;66
1056.0;79;61;66;60;57;52;68;81;66;59;65;58;62;66
1062.0;79;61;66;60;57;52;68;81;66;59;65;58;62;66
1068.0;79;61;66;60;57;52;68;81;66;59;65;58;62;66
1074.0;79;61;66;60;57;52;68;81;66;59;65;58;62;66
1080.0;79;61;66;60;57;52;68;81;66;59;65;58;62;66
1086.0;79;61;66;60;57;52;68;81;66;59;65;58;62;66
1092.0;79;61;66;60;57;52;68;81;66;59;65;58;62;66
1098.0;79;61;66;60;57;52;68;81;66;59;65;58;62;66
1104.0;79;61;66;60;57;52;68;81;66;59;65;58;62;66
1110.0;79;61;66;60;57;52;68;81;66;59;65;58;62;66
1116.0;79;61;66;60;57;52;68;81;66;59;65;58;62;66
1122.0;79;61;66;60;57;52;68;81;66;59;65;58;62;66
1128.0;79;61;66;60;57;52;68;81;66;59;65;58;62;66
1134.0;79;61;66;60;57;52;68;81;66;59;65;58;62;66
1140.0;79;61;66;60;57;52;68;81;66;59;65;58;62;66
1146.0;79;61;66;60;57;52;68;81;66;59;65;58;62;66
1152.0;79;61;66;60;57;52;68;81;66;59;65;58;62;66
1158.0;79;61;66;60;57;52;68;81;66;59;65;58;62;66
1164.0;79;61;66;60;57;52;68;81;66;59;65;58;62;66
1170.0;79;61;66;60;57;52;68;81;66;59;65;58;62;66
1176.0;79;61;66;60;57;52;68;81;66;59;65;58;62;66
1182.0;79;61;66;60;57;52;68;81;66;59;65;58;62;66
1188.0;79;61;66;60;57;52;68;81;66;59;65;58;62;66
1194.0;79;61;66;60;57;52;68;81;66;59;65;58;62;66
1200.0;79;61;66;60;57;52;68;81;66;59;65;58;62;66
1206.0;79;61;66;60;57;52;68;81;66;59;65;58;62;66
1212.0;79;61;66;60;57;52;68;81;66;59;65;58;62;66
1218.0;79;61;66;60;57;52;68;81;66;59;65;58;62;66
1224.0;79;61;66;60;57;52;68;81;66;59;65;58;62;66
1230.0;79;61;66;60;57;52;68;81;66;59;65;58;62;66
1236.0;79;61;66;60;57;52;68;81;66;59;65;58;62;66
1242.0;79;61;66;60;57;52;68;81;66;59;65;58;62;66
1248.0;79;61;66;60;57;52;68;81;66;59;65;58;62;66
1254.0;79;61;66;60;57;52;68;81;66;59;65;58;62;66
1260.0;79;61;66;60;57;52;68;81;66;59;65;58;62;66
1266.0;79;61;66;60;57;52;68;81;66;59;65;58;62;66
1272.0;79;61;66;60;57;52;68;81;66;59;65;58;62;66
1278.0;79;61;66;60;57;52;68;81;66;59;65;58;62;66
1284.0;79;61;66;60;57;52;68;81;66;59;65;58;62;66
1290.0;79;61;66;60;57;52;68;81;66;59;65;58;62;66
1296.0;79;61;66;60;57;52;68;81;66;59;65;58;62;66
1302.0;79;61;66;60;57;52;68;81;66;59;65;58;62;66
1308.0;79;61;66;60;57;52;68;81;66;59;65;58;62;66
1314.0;79;61;66;60;57;52;68;81;66;59;65;58;62;66
1320.0;79;61;66;60;57;52;68;81;66;59;65;58;62;66
1326.0;79;61;66;60;57;52;68;81;66;59;65;58;62;66
1332.0;79;61;66;60;57;52;68;81;66;59;65;58;62;66
1338.0;79;61;66;60;57;52;68;81;66;59;65;58;62;66
1344.0;79;61;66;60;57;52;68;81;66;59;65;58;62;66
1350.0;79;61;66;60;57;52;68;81;66;59;65;58;62;66
1356.0;79;61;66;60;57;52;68;81;66;59;65;58;62;66
1362.0;79;61;66;60;57;52;68;81;66;59;65;58;62;66
1368.0;79;61;66;60;57;52;68;81;66;59;65;58;62;66
1374.0;79;61;66;60;57;52;68;81;66;59;65;58;62;66
1380.0;79;61;66;60;57;52;68;81;66;59;65;58;62;66
1386.0;79;61;66;60;57;52;68;81;66;59;65;58;62;66
1392.0;79;61;66;60;57;52;68;81;66;59;65;58;62;66
1398.0;79;61;66;60;57;52;68;81;66;59;65;58;62;66
1404.0;79;61;66;60;57;52;68;81;66;59;65;58;62;66
1410.0;79;61;66;60;57;52;68;81;66;59;65;58;62;66
1416.0;79;61;66;60;57;52;68;81;66;59;65;58;62;66
1422.0;79;61;66;60;57;52;68;81;66;59;65;58;62;66
1428.0;79;61;66;60;57;52;68;81;66;59;65;58;62;66
1434.0;79;61;66;60;57;52;68;81;66;59;65;58;62;66
1440.0;79;61;66;60;57;52;68;81;66;59;65;58;62;66
1446.0;79;61;66;60;57;52;68;81;66;59;65;58;62;66
1452.0;79;61;66;60;57;52;68;81;66;59;65;58;62;66
1458.0;79;61;66;60;57;52;68;81;66;59;65;58;62;66
1464.0;79;61;66;60;57;52;68;81;66;59;65;58;62;66
1470.0;79;61;66;60;57;52;68;81;66;59;65;58;62;66
1476.0;79;61;66;60;57;52;68;81;66;59;65;58;62;66
1482.0;79;61;66;60;57;52;68;81;66;59;65;58;62;66
1488.0;79;61;66;60;57;52;68;81;66;59;65;58;62;66
1494.0;79;61;66;60;57;52;68;81;66;59;65;58;62;66
1500.0;79;61;66;60;57;52;68;81;66;59;65;58;62;66
1506.0;79;61;66;60;57;52;68;81;66;59;65;58;62;66
1512.0;79;61;66;60;57;52;68;81;66;59;65;58;62;66
1518.0;79;61;66;60;57;52;68;81;66;59;65;58;62;66
1524.0;79;61;66;60;57;52;68;81;66;59;65;58;62;66
1530.0;79;61;66;60;57;52;68;81;66;59;65;58;62;66
1536.0;79;61;66;60;57;52;68;81;66;59;65;58;62;66
1542.0;79;61;66;60;57;52;68;81;66;59;65;58;62;66
1548.0;79;61;66;60;57;52;68;81;66;59;65;58;62;66
1554.0;79;61;66;60;57;52;68;81;66;59;65;58;62;66
1560.0;79;61;66;60;57;52;68;81;66;59;65;58;62;66
1566.0;79;61;66;60;57;52;68;81;66;59;65;58;62;66
1572.0;79;61;66;60;57;52;68;81;66;59;65;58;62;66
1578.0;79;61;66;60;57;52;68;81;66;59;65;58;62;66
1584.0;79;61;66;60;57;52;68;81;66;59;65;58;62;66
1590.0;79;61;66;60;57;52;68;81;66;59;65;58;62;66
1596.0;79;61;66;60;57;52;68;81;66;59;65;58;62;66
1602.0;79;61;66;60;57;52;68;81;66;59;65;58;62;66
1608.0;79;61;66;60;57;52;68;81;66;59;65;58;62;66
1614.0;79;61;66;60;57;52;68;81;66;59;65;58;62;66
1620.0;79;61;66;60;57;52;68;81;66;59;65;58;62;66
1626.0;79;61;66;60;57;52;68;81;66;59;65;58;62;66
1632.0;79;61;66;60;57;52;68;81;66;59;65;58;62;66
1638.0;79;61;66;60;57;52;68;81;66;59;65;58;62;66
1644.0;79;61;66;60;57;52;68;81;66;59;65;58;62;66
1650.0;79;61;66;60;57;52;68;81;66;59;65;58;62;66
1656.0;79;61;66;60;57;52;68;81;66;59;65;58;62;66
1662.0;79;61;66;60;57;52;68;81;66;59;65;58;62;66
1668.0;79;61;66;60;57;52;68;81;66;59;65;58;62;66
1674.0;79;61;66;60;57;52;68;81;66;59;65;58;62;66
1680.0;79;61;66;60;57;52;68;81;66;59;65;58;62;66
1686.0;79;61;66;60;57;52;68;81;66;59;65;58;62;66
1692.0;79;61;66;60;57;52;68;81;66;59;65;58;62;66
1698.0;79;61;66;60;57;52;68;81;66;59;65;58;62;66
1704.0;79;61;66;60;57;52;68;81;66;59;65;58;62;66
1710.0;79;61;66;60;57;52;68;81;66;59;65;58;62;66
1716.0;79;61;66;60;57;52;68;81;66;59;65;58;62;66
1722.0;79;61;66;60;57;52;68;81;66;59;65;58;62;66
1728.0;79;61;66;60;57;52;68;81;66;59;65;58;62;66
1734.0;79;61;66;60;57;52;68;81;66;59;65;58;62;66
1740.0;79;61;66;60;57;52;68;81;66;59;65;58;62;66
1746.0;79;61;66;60;57;52;68;81;66;59;65;58;62;66
1752.0;79;61;66;60;57;52;68;81;66;59;65;58;62;66
1758.0;79;61;66;60;57;52;68;81;66;59;65;58;62;66
1764.0;79;61;66;60;57;52;68;81;66;59;65;58;62;66
1770.0;79;61;66;60;57;52;68;81;66;59;65;58;62;66
1776.0;79;61;66;60;57;52;68;81;66;59;65;58;62;66
1782.0;79;61;66;60;57;52;68;81;66;59;65;58;62;66
1788.0;79;61;66;60;57;52;68;81;66;59;65;58;62;66
1794.0;79;61;66;60;57;52;68;81;66;59;65;58;62;66
